#
# There is insufficient memory for the Java Runtime Environment to continue.
# Native memory allocation (mmap) failed to map 53477376 bytes for Failed to commit area from 0x0000000713c00000 to 0x0000000716f00000 of length 53477376.
# Possible reasons:
#   The system is out of physical RAM or swap space
#   The process is running with CompressedOops enabled, and the Java Heap may be blocking the growth of the native heap
# Possible solutions:
#   Reduce memory load on the system
#   Increase physical memory or swap space
#   Check if swap backing store is full
#   Decrease Java heap size (-Xmx/-Xms)
#   Decrease number of Java threads
#   Decrease Java thread stack sizes (-Xss)
#   Set larger code cache with -XX:ReservedCodeCacheSize=
#   JVM is running with Zero Based Compressed Oops mode in which the Java heap is
#     placed in the first 32GB address space. The Java Heap base address is the
#     maximum limit for the native heap growth. Please use -XX:HeapBaseMinAddress
#     to set the Java Heap base and to place the Java Heap above 32GB virtual address.
# This output file may be truncated or incomplete.
#
#  Out of Memory Error (./src/hotspot/os/windows/os_windows.cpp:3619), pid=21808, tid=23688
#
# JRE version: OpenJDK Runtime Environment (11.0.13) (build 11.0.13+0-b1751.21-8125866)
# Java VM: OpenJDK 64-Bit Server VM (11.0.13+0-b1751.21-8125866, mixed mode, tiered, compressed oops, g1 gc, windows-amd64)
# No core dump will be written. Minidumps are not enabled by default on client versions of Windows
#

---------------  S U M M A R Y ------------

Command Line: org.jetbrains.kotlin.cli.jvm.K2JVMCompiler @D:\dev\projects\kotlin\memring2\app\build\20221127_12787610781070744963.compiler.options

Host: Intel(R) Core(TM) i7-10750H CPU @ 2.60GHz, 12 cores, 15G,  Windows 10 , 64 bit Build 19041 (10.0.19041.2251)
Time: Sun Nov 27 20:19:00 2022 GMT Standard Time elapsed time: 4.169706 seconds (0d 0h 0m 4s)

---------------  T H R E A D  ---------------

Current thread (0x000002020283e000):  VMThread "VM Thread" [stack: 0x000000638e400000,0x000000638e500000] [id=23688]

Stack: [0x000000638e400000,0x000000638e500000]
[error occurred during error reporting (printing stack bounds), id 0xc0000005, EXCEPTION_ACCESS_VIOLATION (0xc0000005) at pc=0x0000020266f4112d]

Native frames: (J=compiled Java code, j=interpreted, Vv=VM code, C=native code)
V  [jvm.dll+0x6100fa]
V  [jvm.dll+0x747090]
V  [jvm.dll+0x7486ad]
V  [jvm.dll+0x748ce5]
V  [jvm.dll+0x748c9b]
V  [jvm.dll+0x60f224]
V  [jvm.dll+0x60f9b8]
C  [ntdll.dll+0xa241f]
C  [ntdll.dll+0x514a4]
C  [ntdll.dll+0xa0f4e]
C  0x0000020266f4112d

VM_Operation (0x000000638defe750): G1CollectForAllocation, mode: safepoint, requested by thread 0x000002026341f800


---------------  P R O C E S S  ---------------

Threads class SMR info:
_java_thread_list=0x00000202039edec0, length=11, elements={
0x000002026341f800, 0x000002020284f800, 0x0000020202853000, 0x000002020310c800,
0x000002020310f000, 0x0000020203110000, 0x0000020203114000, 0x0000020203167800,
0x0000020203172800, 0x00000202032de000, 0x00000202032d0800
}

Java Threads: ( => current thread )
  0x000002026341f800 JavaThread "main" [_thread_blocked, id=20024, stack(0x000000638de00000,0x000000638df00000)]
  0x000002020284f800 JavaThread "Reference Handler" daemon [_thread_blocked, id=21244, stack(0x000000638e500000,0x000000638e600000)]
  0x0000020202853000 JavaThread "Finalizer" daemon [_thread_blocked, id=760, stack(0x000000638e600000,0x000000638e700000)]
  0x000002020310c800 JavaThread "Signal Dispatcher" daemon [_thread_blocked, id=20104, stack(0x000000638e700000,0x000000638e800000)]
  0x000002020310f000 JavaThread "Attach Listener" daemon [_thread_blocked, id=22616, stack(0x000000638e800000,0x000000638e900000)]
  0x0000020203110000 JavaThread "Service Thread" daemon [_thread_blocked, id=11700, stack(0x000000638e900000,0x000000638ea00000)]
  0x0000020203114000 JavaThread "C2 CompilerThread0" daemon [_thread_blocked, id=3172, stack(0x000000638ea00000,0x000000638eb00000)]
  0x0000020203167800 JavaThread "C1 CompilerThread0" daemon [_thread_blocked, id=8396, stack(0x000000638eb00000,0x000000638ec00000)]
  0x0000020203172800 JavaThread "Sweeper thread" daemon [_thread_blocked, id=19636, stack(0x000000638ec00000,0x000000638ed00000)]
  0x00000202032de000 JavaThread "Common-Cleaner" daemon [_thread_blocked, id=20820, stack(0x000000638ee00000,0x000000638ef00000)]
  0x00000202032d0800 JavaThread "C2 CompilerThread1" daemon [_thread_blocked, id=19592, stack(0x000000638ef00000,0x000000638f000000)]

Other Threads:
=>0x000002020283e000 VMThread "VM Thread" [stack: 0x000000638e400000,0x000000638e500000] [id=23688]
  0x00000202032cf800 WatcherThread [stack: 0x000000638ed00000,0x000000638ee00000] [id=26296]
  0x0000020263436000 GCTaskThread "GC Thread#0" [stack: 0x000000638df00000,0x000000638e000000] [id=15204]
  0x0000020203988000 GCTaskThread "GC Thread#1" [stack: 0x000000638f000000,0x000000638f100000] [id=22824]
  0x000002020396d800 GCTaskThread "GC Thread#2" [stack: 0x000000638f100000,0x000000638f200000] [id=22704]
  0x000002020396e800 GCTaskThread "GC Thread#3" [stack: 0x000000638f200000,0x000000638f300000] [id=25096]
  0x000002020388e000 GCTaskThread "GC Thread#4" [stack: 0x000000638f300000,0x000000638f400000] [id=8660]
  0x000002020388f000 GCTaskThread "GC Thread#5" [stack: 0x000000638f400000,0x000000638f500000] [id=16528]
  0x0000020263490000 ConcurrentGCThread "G1 Main Marker" [stack: 0x000000638e000000,0x000000638e100000] [id=7808]
  0x0000020263491000 ConcurrentGCThread "G1 Conc#0" [stack: 0x000000638e100000,0x000000638e200000] [id=25676]
  0x0000020203a25800 ConcurrentGCThread "G1 Conc#1" [stack: 0x000000638f500000,0x000000638f600000] [id=18144]
  0x000002020394b000 ConcurrentGCThread "G1 Conc#2" [stack: 0x000000638f600000,0x000000638f700000] [id=20004]
  0x0000020202719800 ConcurrentGCThread "G1 Refine#0" [stack: 0x000000638e200000,0x000000638e300000] [id=6616]
  0x00000202045da000 ConcurrentGCThread "G1 Refine#1" [stack: 0x000000638f700000,0x000000638f800000] [id=15864]
  0x0000020203d4d800 ConcurrentGCThread "G1 Refine#2" [stack: 0x000000638f800000,0x000000638f900000] [id=9300]
  0x000002020271b800 ConcurrentGCThread "G1 Young RemSet Sampling" [stack: 0x000000638e300000,0x000000638e400000] [id=15568]

Threads with active compile tasks:
C2 CompilerThread1   4185 2326       4       java.lang.StringUTF16::compress (50 bytes)

VM state:at safepoint (normal execution)

VM Mutex/Monitor currently owned by a thread:  ([mutex/lock_event])
[0x000002026341c4c0] Threads_lock - owner thread: 0x000002020283e000
[0x000002026341c790] Heap_lock - owner thread: 0x000002026341f800

Heap address: 0x0000000703e00000, size: 4034 MB, Compressed Oops mode: Zero based, Oop shift amount: 3
Narrow klass base: 0x0000000800000000, Narrow klass shift: 0
Compressed class space size: 1073741824 Address: 0x0000000800000000

Heap:
 garbage-first heap   total 312320K, used 46963K [0x0000000703e00000, 0x0000000800000000)
  region size 1024K, 2 young (2048K), 2 survivors (2048K)
 Metaspace       used 31595K, capacity 32099K, committed 32304K, reserved 1077248K
  class space    used 3733K, capacity 3909K, committed 3968K, reserved 1048576K
Heap Regions: E=young(eden), S=young(survivor), O=old, HS=humongous(starts), HC=humongous(continues), CS=collection set, F=free, A=archive, TAMS=top-at-mark-start (previous, next)
|   0|0x0000000703e00000, 0x0000000703f00000, 0x0000000703f00000|100%|HS|  |TAMS 0x0000000703f00000, 0x0000000703f00000| Complete 
|   1|0x0000000703f00000, 0x0000000704000000, 0x0000000704000000|100%|HC|  |TAMS 0x0000000704000000, 0x0000000704000000| Complete 
|   2|0x0000000704000000, 0x0000000704100000, 0x0000000704100000|100%|HC|  |TAMS 0x0000000704100000, 0x0000000704100000| Complete 
|   3|0x0000000704100000, 0x0000000704200000, 0x0000000704200000|100%|HS|  |TAMS 0x0000000704100000, 0x0000000704200000| Complete 
|   4|0x0000000704200000, 0x0000000704300000, 0x0000000704300000|100%|HC|  |TAMS 0x0000000704200000, 0x0000000704300000| Complete 
|   5|0x0000000704300000, 0x0000000704400000, 0x0000000704400000|100%|HC|  |TAMS 0x0000000704300000, 0x0000000704400000| Complete 
|   6|0x0000000704400000, 0x0000000704500000, 0x0000000704500000|100%| O|  |TAMS 0x0000000704400000, 0x0000000704500000| Untracked 
|   7|0x0000000704500000, 0x0000000704600000, 0x0000000704600000|100%| O|  |TAMS 0x0000000704500000, 0x0000000704600000| Untracked 
|   8|0x0000000704600000, 0x0000000704700000, 0x0000000704700000|100%|HS|  |TAMS 0x0000000704600000, 0x0000000704700000| Complete 
|   9|0x0000000704700000, 0x0000000704800000, 0x0000000704800000|100%|HC|  |TAMS 0x0000000704700000, 0x0000000704800000| Complete 
|  10|0x0000000704800000, 0x0000000704900000, 0x0000000704900000|100%| O|  |TAMS 0x0000000704800000, 0x0000000704900000| Untracked 
|  11|0x0000000704900000, 0x0000000704a00000, 0x0000000704a00000|100%| O|  |TAMS 0x0000000704900000, 0x0000000704a00000| Untracked 
|  12|0x0000000704a00000, 0x0000000704b00000, 0x0000000704b00000|100%| O|  |TAMS 0x0000000704a00000, 0x0000000704b00000| Untracked 
|  13|0x0000000704b00000, 0x0000000704c00000, 0x0000000704c00000|100%| O|  |TAMS 0x0000000704b00000, 0x0000000704c00000| Untracked 
|  14|0x0000000704c00000, 0x0000000704d00000, 0x0000000704d00000|100%| O|  |TAMS 0x0000000704c00000, 0x0000000704d00000| Untracked 
|  15|0x0000000704d00000, 0x0000000704e00000, 0x0000000704e00000|100%| O|  |TAMS 0x0000000704d00000, 0x0000000704e00000| Untracked 
|  16|0x0000000704e00000, 0x0000000704f00000, 0x0000000704f00000|100%| O|  |TAMS 0x0000000704e00000, 0x0000000704f00000| Untracked 
|  17|0x0000000704f00000, 0x0000000705000000, 0x0000000705000000|100%| O|  |TAMS 0x0000000704f00000, 0x0000000705000000| Untracked 
|  18|0x0000000705000000, 0x0000000705100000, 0x0000000705100000|100%| O|  |TAMS 0x0000000705000000, 0x0000000705100000| Untracked 
|  19|0x0000000705100000, 0x0000000705200000, 0x0000000705200000|100%| O|  |TAMS 0x0000000705100000, 0x0000000705200000| Untracked 
|  20|0x0000000705200000, 0x0000000705300000, 0x0000000705300000|100%| O|  |TAMS 0x0000000705200000, 0x0000000705300000| Untracked 
|  21|0x0000000705300000, 0x0000000705400000, 0x0000000705400000|100%| O|  |TAMS 0x0000000705300000, 0x0000000705400000| Untracked 
|  22|0x0000000705400000, 0x0000000705400000, 0x0000000705500000|  0%| F|  |TAMS 0x0000000705400000, 0x0000000705400000| Untracked 
|  23|0x0000000705500000, 0x0000000705500000, 0x0000000705600000|  0%| F|  |TAMS 0x0000000705500000, 0x0000000705500000| Untracked 
|  24|0x0000000705600000, 0x0000000705600000, 0x0000000705700000|  0%| F|  |TAMS 0x0000000705600000, 0x0000000705600000| Untracked 
|  25|0x0000000705700000, 0x0000000705700000, 0x0000000705800000|  0%| F|  |TAMS 0x0000000705700000, 0x0000000705700000| Untracked 
|  26|0x0000000705800000, 0x0000000705800000, 0x0000000705900000|  0%| F|  |TAMS 0x0000000705800000, 0x0000000705800000| Untracked 
|  27|0x0000000705900000, 0x0000000705900000, 0x0000000705a00000|  0%| F|  |TAMS 0x0000000705900000, 0x0000000705900000| Untracked 
|  28|0x0000000705a00000, 0x0000000705a00000, 0x0000000705b00000|  0%| F|  |TAMS 0x0000000705a00000, 0x0000000705a00000| Untracked 
|  29|0x0000000705b00000, 0x0000000705b00000, 0x0000000705c00000|  0%| F|  |TAMS 0x0000000705b00000, 0x0000000705b00000| Untracked 
|  30|0x0000000705c00000, 0x0000000705c00000, 0x0000000705d00000|  0%| F|  |TAMS 0x0000000705c00000, 0x0000000705c00000| Untracked 
|  31|0x0000000705d00000, 0x0000000705d00000, 0x0000000705e00000|  0%| F|  |TAMS 0x0000000705d00000, 0x0000000705d00000| Untracked 
|  32|0x0000000705e00000, 0x0000000705e00000, 0x0000000705f00000|  0%| F|  |TAMS 0x0000000705e00000, 0x0000000705e00000| Untracked 
|  33|0x0000000705f00000, 0x0000000705f00000, 0x0000000706000000|  0%| F|  |TAMS 0x0000000705f00000, 0x0000000705f00000| Untracked 
|  34|0x0000000706000000, 0x0000000706000000, 0x0000000706100000|  0%| F|  |TAMS 0x0000000706000000, 0x0000000706000000| Untracked 
|  35|0x0000000706100000, 0x0000000706100000, 0x0000000706200000|  0%| F|  |TAMS 0x0000000706100000, 0x0000000706100000| Untracked 
|  36|0x0000000706200000, 0x0000000706200000, 0x0000000706300000|  0%| F|  |TAMS 0x0000000706200000, 0x0000000706200000| Untracked 
|  37|0x0000000706300000, 0x0000000706300000, 0x0000000706400000|  0%| F|  |TAMS 0x0000000706300000, 0x0000000706300000| Untracked 
|  38|0x0000000706400000, 0x0000000706400000, 0x0000000706500000|  0%| F|  |TAMS 0x0000000706400000, 0x0000000706400000| Untracked 
|  39|0x0000000706500000, 0x0000000706500000, 0x0000000706600000|  0%| F|  |TAMS 0x0000000706500000, 0x0000000706500000| Untracked 
|  40|0x0000000706600000, 0x0000000706600000, 0x0000000706700000|  0%| F|  |TAMS 0x0000000706600000, 0x0000000706600000| Untracked 
|  41|0x0000000706700000, 0x0000000706700000, 0x0000000706800000|  0%| F|  |TAMS 0x0000000706700000, 0x0000000706700000| Untracked 
|  42|0x0000000706800000, 0x0000000706800000, 0x0000000706900000|  0%| F|  |TAMS 0x0000000706800000, 0x0000000706800000| Untracked 
|  43|0x0000000706900000, 0x0000000706900000, 0x0000000706a00000|  0%| F|  |TAMS 0x0000000706900000, 0x0000000706900000| Untracked 
|  44|0x0000000706a00000, 0x0000000706a00000, 0x0000000706b00000|  0%| F|  |TAMS 0x0000000706a00000, 0x0000000706a00000| Untracked 
|  45|0x0000000706b00000, 0x0000000706b00000, 0x0000000706c00000|  0%| F|  |TAMS 0x0000000706b00000, 0x0000000706b00000| Untracked 
|  46|0x0000000706c00000, 0x0000000706c00000, 0x0000000706d00000|  0%| F|  |TAMS 0x0000000706c00000, 0x0000000706c00000| Untracked 
|  47|0x0000000706d00000, 0x0000000706d00000, 0x0000000706e00000|  0%| F|  |TAMS 0x0000000706d00000, 0x0000000706d00000| Untracked 
|  48|0x0000000706e00000, 0x0000000706e00000, 0x0000000706f00000|  0%| F|  |TAMS 0x0000000706e00000, 0x0000000706e00000| Untracked 
|  49|0x0000000706f00000, 0x0000000706f00000, 0x0000000707000000|  0%| F|  |TAMS 0x0000000706f00000, 0x0000000706f00000| Untracked 
|  50|0x0000000707000000, 0x0000000707000000, 0x0000000707100000|  0%| F|  |TAMS 0x0000000707000000, 0x0000000707000000| Untracked 
|  51|0x0000000707100000, 0x0000000707100000, 0x0000000707200000|  0%| F|  |TAMS 0x0000000707100000, 0x0000000707100000| Untracked 
|  52|0x0000000707200000, 0x0000000707200000, 0x0000000707300000|  0%| F|  |TAMS 0x0000000707200000, 0x0000000707200000| Untracked 
|  53|0x0000000707300000, 0x0000000707300000, 0x0000000707400000|  0%| F|  |TAMS 0x0000000707300000, 0x0000000707300000| Untracked 
|  54|0x0000000707400000, 0x0000000707400000, 0x0000000707500000|  0%| F|  |TAMS 0x0000000707400000, 0x0000000707400000| Untracked 
|  55|0x0000000707500000, 0x0000000707500000, 0x0000000707600000|  0%| F|  |TAMS 0x0000000707500000, 0x0000000707500000| Untracked 
|  56|0x0000000707600000, 0x0000000707600000, 0x0000000707700000|  0%| F|  |TAMS 0x0000000707600000, 0x0000000707600000| Untracked 
|  57|0x0000000707700000, 0x0000000707700000, 0x0000000707800000|  0%| F|  |TAMS 0x0000000707700000, 0x0000000707700000| Untracked 
|  58|0x0000000707800000, 0x0000000707800000, 0x0000000707900000|  0%| F|  |TAMS 0x0000000707800000, 0x0000000707800000| Untracked 
|  59|0x0000000707900000, 0x0000000707900000, 0x0000000707a00000|  0%| F|  |TAMS 0x0000000707900000, 0x0000000707900000| Untracked 
|  60|0x0000000707a00000, 0x0000000707a00000, 0x0000000707b00000|  0%| F|  |TAMS 0x0000000707a00000, 0x0000000707a00000| Untracked 
|  61|0x0000000707b00000, 0x0000000707b00000, 0x0000000707c00000|  0%| F|  |TAMS 0x0000000707b00000, 0x0000000707b00000| Untracked 
|  62|0x0000000707c00000, 0x0000000707c00000, 0x0000000707d00000|  0%| F|  |TAMS 0x0000000707c00000, 0x0000000707c00000| Untracked 
|  63|0x0000000707d00000, 0x0000000707d00000, 0x0000000707e00000|  0%| F|  |TAMS 0x0000000707d00000, 0x0000000707d00000| Untracked 
|  64|0x0000000707e00000, 0x0000000707e00000, 0x0000000707f00000|  0%| F|  |TAMS 0x0000000707e00000, 0x0000000707e00000| Untracked 
|  65|0x0000000707f00000, 0x0000000707f00000, 0x0000000708000000|  0%| F|  |TAMS 0x0000000707f00000, 0x0000000707f00000| Untracked 
|  66|0x0000000708000000, 0x0000000708100000, 0x0000000708100000|100%|HS|  |TAMS 0x0000000708000000, 0x0000000708100000| Complete 
|  67|0x0000000708100000, 0x0000000708200000, 0x0000000708200000|100%|HC|  |TAMS 0x0000000708100000, 0x0000000708200000| Complete 
|  68|0x0000000708200000, 0x0000000708300000, 0x0000000708300000|100%|HC|  |TAMS 0x0000000708200000, 0x0000000708300000| Complete 
|  69|0x0000000708300000, 0x0000000708400000, 0x0000000708400000|100%|HC|  |TAMS 0x0000000708300000, 0x0000000708400000| Complete 
|  70|0x0000000708400000, 0x0000000708500000, 0x0000000708500000|100%|HC|  |TAMS 0x0000000708400000, 0x0000000708500000| Complete 
|  71|0x0000000708500000, 0x0000000708600000, 0x0000000708600000|100%|HC|  |TAMS 0x0000000708500000, 0x0000000708600000| Complete 
|  72|0x0000000708600000, 0x0000000708700000, 0x0000000708700000|100%|HC|  |TAMS 0x0000000708600000, 0x0000000708700000| Complete 
|  73|0x0000000708700000, 0x0000000708800000, 0x0000000708800000|100%|HC|  |TAMS 0x0000000708700000, 0x0000000708800000| Complete 
|  74|0x0000000708800000, 0x0000000708900000, 0x0000000708900000|100%|HC|  |TAMS 0x0000000708800000, 0x0000000708900000| Complete 
|  75|0x0000000708900000, 0x0000000708a00000, 0x0000000708a00000|100%|HC|  |TAMS 0x0000000708900000, 0x0000000708a00000| Complete 
|  76|0x0000000708a00000, 0x0000000708b00000, 0x0000000708b00000|100%|HC|  |TAMS 0x0000000708a00000, 0x0000000708b00000| Complete 
|  77|0x0000000708b00000, 0x0000000708c00000, 0x0000000708c00000|100%|HC|  |TAMS 0x0000000708b00000, 0x0000000708c00000| Complete 
|  78|0x0000000708c00000, 0x0000000708d00000, 0x0000000708d00000|100%|HC|  |TAMS 0x0000000708c00000, 0x0000000708d00000| Complete 
|  79|0x0000000708d00000, 0x0000000708e00000, 0x0000000708e00000|100%|HC|  |TAMS 0x0000000708d00000, 0x0000000708e00000| Complete 
|  80|0x0000000708e00000, 0x0000000708f00000, 0x0000000708f00000|100%|HC|  |TAMS 0x0000000708e00000, 0x0000000708f00000| Complete 
|  81|0x0000000708f00000, 0x0000000709000000, 0x0000000709000000|100%|HC|  |TAMS 0x0000000708f00000, 0x0000000709000000| Complete 
|  82|0x0000000709000000, 0x0000000709100000, 0x0000000709100000|100%|HC|  |TAMS 0x0000000709000000, 0x0000000709100000| Complete 
|  83|0x0000000709100000, 0x0000000709200000, 0x0000000709200000|100%|HC|  |TAMS 0x0000000709100000, 0x0000000709200000| Complete 
|  84|0x0000000709200000, 0x0000000709300000, 0x0000000709300000|100%|HC|  |TAMS 0x0000000709200000, 0x0000000709300000| Complete 
|  85|0x0000000709300000, 0x0000000709400000, 0x0000000709400000|100%|HC|  |TAMS 0x0000000709300000, 0x0000000709400000| Complete 
|  86|0x0000000709400000, 0x0000000709500000, 0x0000000709500000|100%|HC|  |TAMS 0x0000000709400000, 0x0000000709500000| Complete 
|  87|0x0000000709500000, 0x0000000709600000, 0x0000000709600000|100%|HC|  |TAMS 0x0000000709500000, 0x0000000709600000| Complete 
|  88|0x0000000709600000, 0x0000000709600000, 0x0000000709700000|  0%| F|  |TAMS 0x0000000709600000, 0x0000000709600000| Untracked 
|  89|0x0000000709700000, 0x0000000709700000, 0x0000000709800000|  0%| F|  |TAMS 0x0000000709700000, 0x0000000709700000| Untracked 
|  90|0x0000000709800000, 0x0000000709800000, 0x0000000709900000|  0%| F|  |TAMS 0x0000000709800000, 0x0000000709800000| Untracked 
|  91|0x0000000709900000, 0x0000000709900000, 0x0000000709a00000|  0%| F|  |TAMS 0x0000000709900000, 0x0000000709900000| Untracked 
|  92|0x0000000709a00000, 0x0000000709a00000, 0x0000000709b00000|  0%| F|  |TAMS 0x0000000709a00000, 0x0000000709a00000| Untracked 
|  93|0x0000000709b00000, 0x0000000709b00000, 0x0000000709c00000|  0%| F|  |TAMS 0x0000000709b00000, 0x0000000709b00000| Untracked 
|  94|0x0000000709c00000, 0x0000000709c00000, 0x0000000709d00000|  0%| F|  |TAMS 0x0000000709c00000, 0x0000000709c00000| Untracked 
|  95|0x0000000709d00000, 0x0000000709d00000, 0x0000000709e00000|  0%| F|  |TAMS 0x0000000709d00000, 0x0000000709d00000| Untracked 
|  96|0x0000000709e00000, 0x0000000709e00000, 0x0000000709f00000|  0%| F|  |TAMS 0x0000000709e00000, 0x0000000709e00000| Untracked 
|  97|0x0000000709f00000, 0x0000000709f00000, 0x000000070a000000|  0%| F|  |TAMS 0x0000000709f00000, 0x0000000709f00000| Untracked 
|  98|0x000000070a000000, 0x000000070a000000, 0x000000070a100000|  0%| F|  |TAMS 0x000000070a000000, 0x000000070a000000| Untracked 
|  99|0x000000070a100000, 0x000000070a100000, 0x000000070a200000|  0%| F|  |TAMS 0x000000070a100000, 0x000000070a100000| Untracked 
| 100|0x000000070a200000, 0x000000070a200000, 0x000000070a300000|  0%| F|  |TAMS 0x000000070a200000, 0x000000070a200000| Untracked 
| 101|0x000000070a300000, 0x000000070a300000, 0x000000070a400000|  0%| F|  |TAMS 0x000000070a300000, 0x000000070a300000| Untracked 
| 102|0x000000070a400000, 0x000000070a400000, 0x000000070a500000|  0%| F|  |TAMS 0x000000070a400000, 0x000000070a400000| Untracked 
| 103|0x000000070a500000, 0x000000070a500000, 0x000000070a600000|  0%| F|  |TAMS 0x000000070a500000, 0x000000070a500000| Untracked 
| 104|0x000000070a600000, 0x000000070a600000, 0x000000070a700000|  0%| F|  |TAMS 0x000000070a600000, 0x000000070a600000| Untracked 
| 105|0x000000070a700000, 0x000000070a700000, 0x000000070a800000|  0%| F|  |TAMS 0x000000070a700000, 0x000000070a700000| Untracked 
| 106|0x000000070a800000, 0x000000070a800000, 0x000000070a900000|  0%| F|  |TAMS 0x000000070a800000, 0x000000070a800000| Untracked 
| 107|0x000000070a900000, 0x000000070a900000, 0x000000070aa00000|  0%| F|  |TAMS 0x000000070a900000, 0x000000070a900000| Untracked 
| 108|0x000000070aa00000, 0x000000070aa00000, 0x000000070ab00000|  0%| F|  |TAMS 0x000000070aa00000, 0x000000070aa00000| Untracked 
| 109|0x000000070ab00000, 0x000000070ab00000, 0x000000070ac00000|  0%| F|  |TAMS 0x000000070ab00000, 0x000000070ab00000| Untracked 
| 110|0x000000070ac00000, 0x000000070ac00000, 0x000000070ad00000|  0%| F|  |TAMS 0x000000070ac00000, 0x000000070ac00000| Untracked 
| 111|0x000000070ad00000, 0x000000070ad00000, 0x000000070ae00000|  0%| F|  |TAMS 0x000000070ad00000, 0x000000070ad00000| Untracked 
| 112|0x000000070ae00000, 0x000000070ae00000, 0x000000070af00000|  0%| F|  |TAMS 0x000000070ae00000, 0x000000070ae00000| Untracked 
| 113|0x000000070af00000, 0x000000070af00000, 0x000000070b000000|  0%| F|  |TAMS 0x000000070af00000, 0x000000070af00000| Untracked 
| 114|0x000000070b000000, 0x000000070b000000, 0x000000070b100000|  0%| F|  |TAMS 0x000000070b000000, 0x000000070b000000| Untracked 
| 115|0x000000070b100000, 0x000000070b100000, 0x000000070b200000|  0%| F|  |TAMS 0x000000070b100000, 0x000000070b100000| Untracked 
| 116|0x000000070b200000, 0x000000070b200000, 0x000000070b300000|  0%| F|  |TAMS 0x000000070b200000, 0x000000070b200000| Untracked 
| 117|0x000000070b300000, 0x000000070b300000, 0x000000070b400000|  0%| F|  |TAMS 0x000000070b300000, 0x000000070b300000| Untracked 
| 118|0x000000070b400000, 0x000000070b400000, 0x000000070b500000|  0%| F|  |TAMS 0x000000070b400000, 0x000000070b400000| Untracked 
| 119|0x000000070b500000, 0x000000070b500000, 0x000000070b600000|  0%| F|  |TAMS 0x000000070b500000, 0x000000070b500000| Untracked 
| 120|0x000000070b600000, 0x000000070b600000, 0x000000070b700000|  0%| F|  |TAMS 0x000000070b600000, 0x000000070b600000| Untracked 
| 121|0x000000070b700000, 0x000000070b700000, 0x000000070b800000|  0%| F|  |TAMS 0x000000070b700000, 0x000000070b700000| Untracked 
| 122|0x000000070b800000, 0x000000070b800000, 0x000000070b900000|  0%| F|  |TAMS 0x000000070b800000, 0x000000070b800000| Untracked 
| 123|0x000000070b900000, 0x000000070b900000, 0x000000070ba00000|  0%| F|  |TAMS 0x000000070b900000, 0x000000070b900000| Untracked 
| 124|0x000000070ba00000, 0x000000070ba00000, 0x000000070bb00000|  0%| F|  |TAMS 0x000000070ba00000, 0x000000070ba00000| Untracked 
| 125|0x000000070bb00000, 0x000000070bb00000, 0x000000070bc00000|  0%| F|  |TAMS 0x000000070bb00000, 0x000000070bb00000| Untracked 
| 126|0x000000070bc00000, 0x000000070bc00000, 0x000000070bd00000|  0%| F|  |TAMS 0x000000070bc00000, 0x000000070bc00000| Untracked 
| 127|0x000000070bd00000, 0x000000070bd00000, 0x000000070be00000|  0%| F|  |TAMS 0x000000070bd00000, 0x000000070bd00000| Untracked 
| 128|0x000000070be00000, 0x000000070be00000, 0x000000070bf00000|  0%| F|  |TAMS 0x000000070be00000, 0x000000070be00000| Untracked 
| 129|0x000000070bf00000, 0x000000070bf00000, 0x000000070c000000|  0%| F|  |TAMS 0x000000070bf00000, 0x000000070bf00000| Untracked 
| 130|0x000000070c000000, 0x000000070c000000, 0x000000070c100000|  0%| F|  |TAMS 0x000000070c000000, 0x000000070c000000| Untracked 
| 131|0x000000070c100000, 0x000000070c100000, 0x000000070c200000|  0%| F|  |TAMS 0x000000070c100000, 0x000000070c100000| Untracked 
| 132|0x000000070c200000, 0x000000070c200000, 0x000000070c300000|  0%| F|  |TAMS 0x000000070c200000, 0x000000070c200000| Untracked 
| 133|0x000000070c300000, 0x000000070c300000, 0x000000070c400000|  0%| F|  |TAMS 0x000000070c300000, 0x000000070c300000| Untracked 
| 134|0x000000070c400000, 0x000000070c400000, 0x000000070c500000|  0%| F|  |TAMS 0x000000070c400000, 0x000000070c400000| Untracked 
| 135|0x000000070c500000, 0x000000070c500000, 0x000000070c600000|  0%| F|  |TAMS 0x000000070c500000, 0x000000070c500000| Untracked 
| 136|0x000000070c600000, 0x000000070c600000, 0x000000070c700000|  0%| F|  |TAMS 0x000000070c600000, 0x000000070c600000| Untracked 
| 137|0x000000070c700000, 0x000000070c700000, 0x000000070c800000|  0%| F|  |TAMS 0x000000070c700000, 0x000000070c700000| Untracked 
| 138|0x000000070c800000, 0x000000070c800000, 0x000000070c900000|  0%| F|  |TAMS 0x000000070c800000, 0x000000070c800000| Untracked 
| 139|0x000000070c900000, 0x000000070c900000, 0x000000070ca00000|  0%| F|  |TAMS 0x000000070c900000, 0x000000070c900000| Untracked 
| 140|0x000000070ca00000, 0x000000070ca00000, 0x000000070cb00000|  0%| F|  |TAMS 0x000000070ca00000, 0x000000070ca00000| Untracked 
| 141|0x000000070cb00000, 0x000000070cb00000, 0x000000070cc00000|  0%| F|  |TAMS 0x000000070cb00000, 0x000000070cb00000| Untracked 
| 142|0x000000070cc00000, 0x000000070cc00000, 0x000000070cd00000|  0%| F|  |TAMS 0x000000070cc00000, 0x000000070cc00000| Untracked 
| 143|0x000000070cd00000, 0x000000070cd00000, 0x000000070ce00000|  0%| F|  |TAMS 0x000000070cd00000, 0x000000070cd00000| Untracked 
| 144|0x000000070ce00000, 0x000000070ce00000, 0x000000070cf00000|  0%| F|  |TAMS 0x000000070ce00000, 0x000000070ce00000| Untracked 
| 145|0x000000070cf00000, 0x000000070cf00000, 0x000000070d000000|  0%| F|  |TAMS 0x000000070cf00000, 0x000000070cf00000| Untracked 
| 146|0x000000070d000000, 0x000000070d000000, 0x000000070d100000|  0%| F|  |TAMS 0x000000070d000000, 0x000000070d000000| Untracked 
| 147|0x000000070d100000, 0x000000070d100000, 0x000000070d200000|  0%| F|  |TAMS 0x000000070d100000, 0x000000070d100000| Untracked 
| 148|0x000000070d200000, 0x000000070d200000, 0x000000070d300000|  0%| F|  |TAMS 0x000000070d200000, 0x000000070d200000| Untracked 
| 149|0x000000070d300000, 0x000000070d300000, 0x000000070d400000|  0%| F|  |TAMS 0x000000070d300000, 0x000000070d300000| Untracked 
| 150|0x000000070d400000, 0x000000070d400000, 0x000000070d500000|  0%| F|  |TAMS 0x000000070d400000, 0x000000070d400000| Untracked 
| 151|0x000000070d500000, 0x000000070d500000, 0x000000070d600000|  0%| F|  |TAMS 0x000000070d500000, 0x000000070d500000| Untracked 
| 152|0x000000070d600000, 0x000000070d600000, 0x000000070d700000|  0%| F|  |TAMS 0x000000070d600000, 0x000000070d600000| Untracked 
| 153|0x000000070d700000, 0x000000070d700000, 0x000000070d800000|  0%| F|  |TAMS 0x000000070d700000, 0x000000070d700000| Untracked 
| 154|0x000000070d800000, 0x000000070d800000, 0x000000070d900000|  0%| F|  |TAMS 0x000000070d800000, 0x000000070d800000| Untracked 
| 155|0x000000070d900000, 0x000000070d900000, 0x000000070da00000|  0%| F|  |TAMS 0x000000070d900000, 0x000000070d900000| Untracked 
| 156|0x000000070da00000, 0x000000070da00000, 0x000000070db00000|  0%| F|  |TAMS 0x000000070da00000, 0x000000070da00000| Untracked 
| 157|0x000000070db00000, 0x000000070db00000, 0x000000070dc00000|  0%| F|  |TAMS 0x000000070db00000, 0x000000070db00000| Untracked 
| 158|0x000000070dc00000, 0x000000070dc00000, 0x000000070dd00000|  0%| F|  |TAMS 0x000000070dc00000, 0x000000070dc00000| Untracked 
| 159|0x000000070dd00000, 0x000000070dd00000, 0x000000070de00000|  0%| F|  |TAMS 0x000000070dd00000, 0x000000070dd00000| Untracked 
| 160|0x000000070de00000, 0x000000070de00000, 0x000000070df00000|  0%| F|  |TAMS 0x000000070de00000, 0x000000070de00000| Untracked 
| 161|0x000000070df00000, 0x000000070df00000, 0x000000070e000000|  0%| F|  |TAMS 0x000000070df00000, 0x000000070df00000| Untracked 
| 162|0x000000070e000000, 0x000000070e000000, 0x000000070e100000|  0%| F|  |TAMS 0x000000070e000000, 0x000000070e000000| Untracked 
| 163|0x000000070e100000, 0x000000070e100000, 0x000000070e200000|  0%| F|  |TAMS 0x000000070e100000, 0x000000070e100000| Untracked 
| 164|0x000000070e200000, 0x000000070e200000, 0x000000070e300000|  0%| F|  |TAMS 0x000000070e200000, 0x000000070e200000| Untracked 
| 165|0x000000070e300000, 0x000000070e300000, 0x000000070e400000|  0%| F|  |TAMS 0x000000070e300000, 0x000000070e300000| Untracked 
| 166|0x000000070e400000, 0x000000070e400000, 0x000000070e500000|  0%| F|  |TAMS 0x000000070e400000, 0x000000070e400000| Untracked 
| 167|0x000000070e500000, 0x000000070e500000, 0x000000070e600000|  0%| F|  |TAMS 0x000000070e500000, 0x000000070e500000| Untracked 
| 168|0x000000070e600000, 0x000000070e600000, 0x000000070e700000|  0%| F|  |TAMS 0x000000070e600000, 0x000000070e600000| Untracked 
| 169|0x000000070e700000, 0x000000070e700000, 0x000000070e800000|  0%| F|  |TAMS 0x000000070e700000, 0x000000070e700000| Untracked 
| 170|0x000000070e800000, 0x000000070e800000, 0x000000070e900000|  0%| F|  |TAMS 0x000000070e800000, 0x000000070e800000| Untracked 
| 171|0x000000070e900000, 0x000000070e900000, 0x000000070ea00000|  0%| F|  |TAMS 0x000000070e900000, 0x000000070e900000| Untracked 
| 172|0x000000070ea00000, 0x000000070ea00000, 0x000000070eb00000|  0%| F|  |TAMS 0x000000070ea00000, 0x000000070ea00000| Untracked 
| 173|0x000000070eb00000, 0x000000070eb00000, 0x000000070ec00000|  0%| F|  |TAMS 0x000000070eb00000, 0x000000070eb00000| Untracked 
| 174|0x000000070ec00000, 0x000000070ec00000, 0x000000070ed00000|  0%| F|  |TAMS 0x000000070ec00000, 0x000000070ec00000| Untracked 
| 175|0x000000070ed00000, 0x000000070ed00000, 0x000000070ee00000|  0%| F|  |TAMS 0x000000070ed00000, 0x000000070ed00000| Untracked 
| 176|0x000000070ee00000, 0x000000070ee00000, 0x000000070ef00000|  0%| F|  |TAMS 0x000000070ee00000, 0x000000070ee00000| Untracked 
| 177|0x000000070ef00000, 0x000000070ef00000, 0x000000070f000000|  0%| F|  |TAMS 0x000000070ef00000, 0x000000070ef00000| Untracked 
| 178|0x000000070f000000, 0x000000070f000000, 0x000000070f100000|  0%| F|  |TAMS 0x000000070f000000, 0x000000070f000000| Untracked 
| 179|0x000000070f100000, 0x000000070f100000, 0x000000070f200000|  0%| F|  |TAMS 0x000000070f100000, 0x000000070f100000| Untracked 
| 180|0x000000070f200000, 0x000000070f200000, 0x000000070f300000|  0%| F|  |TAMS 0x000000070f200000, 0x000000070f200000| Untracked 
| 181|0x000000070f300000, 0x000000070f300000, 0x000000070f400000|  0%| F|  |TAMS 0x000000070f300000, 0x000000070f300000| Untracked 
| 182|0x000000070f400000, 0x000000070f400000, 0x000000070f500000|  0%| F|  |TAMS 0x000000070f400000, 0x000000070f400000| Untracked 
| 183|0x000000070f500000, 0x000000070f500000, 0x000000070f600000|  0%| F|  |TAMS 0x000000070f500000, 0x000000070f500000| Untracked 
| 184|0x000000070f600000, 0x000000070f600000, 0x000000070f700000|  0%| F|  |TAMS 0x000000070f600000, 0x000000070f600000| Untracked 
| 185|0x000000070f700000, 0x000000070f700000, 0x000000070f800000|  0%| F|  |TAMS 0x000000070f700000, 0x000000070f700000| Untracked 
| 186|0x000000070f800000, 0x000000070f800000, 0x000000070f900000|  0%| F|  |TAMS 0x000000070f800000, 0x000000070f800000| Untracked 
| 187|0x000000070f900000, 0x000000070f900000, 0x000000070fa00000|  0%| F|  |TAMS 0x000000070f900000, 0x000000070f900000| Untracked 
| 188|0x000000070fa00000, 0x000000070fa00000, 0x000000070fb00000|  0%| F|  |TAMS 0x000000070fa00000, 0x000000070fa00000| Untracked 
| 189|0x000000070fb00000, 0x000000070fb00000, 0x000000070fc00000|  0%| F|  |TAMS 0x000000070fb00000, 0x000000070fb00000| Untracked 
| 190|0x000000070fc00000, 0x000000070fc00000, 0x000000070fd00000|  0%| F|  |TAMS 0x000000070fc00000, 0x000000070fc00000| Untracked 
| 191|0x000000070fd00000, 0x000000070fd00000, 0x000000070fe00000|  0%| F|  |TAMS 0x000000070fd00000, 0x000000070fd00000| Untracked 
| 192|0x000000070fe00000, 0x000000070fe00000, 0x000000070ff00000|  0%| F|  |TAMS 0x000000070fe00000, 0x000000070fe00000| Untracked 
| 193|0x000000070ff00000, 0x000000070ff00000, 0x0000000710000000|  0%| F|  |TAMS 0x000000070ff00000, 0x000000070ff00000| Untracked 
| 194|0x0000000710000000, 0x0000000710000000, 0x0000000710100000|  0%| F|  |TAMS 0x0000000710000000, 0x0000000710000000| Untracked 
| 195|0x0000000710100000, 0x0000000710100000, 0x0000000710200000|  0%| F|  |TAMS 0x0000000710100000, 0x0000000710100000| Untracked 
| 196|0x0000000710200000, 0x0000000710200000, 0x0000000710300000|  0%| F|  |TAMS 0x0000000710200000, 0x0000000710200000| Untracked 
| 197|0x0000000710300000, 0x0000000710300000, 0x0000000710400000|  0%| F|  |TAMS 0x0000000710300000, 0x0000000710300000| Untracked 
| 198|0x0000000710400000, 0x0000000710400000, 0x0000000710500000|  0%| F|  |TAMS 0x0000000710400000, 0x0000000710400000| Untracked 
| 199|0x0000000710500000, 0x0000000710500000, 0x0000000710600000|  0%| F|  |TAMS 0x0000000710500000, 0x0000000710500000| Untracked 
| 200|0x0000000710600000, 0x0000000710600000, 0x0000000710700000|  0%| F|  |TAMS 0x0000000710600000, 0x0000000710600000| Untracked 
| 201|0x0000000710700000, 0x0000000710700000, 0x0000000710800000|  0%| F|  |TAMS 0x0000000710700000, 0x0000000710700000| Untracked 
| 202|0x0000000710800000, 0x0000000710800000, 0x0000000710900000|  0%| F|  |TAMS 0x0000000710800000, 0x0000000710800000| Untracked 
| 203|0x0000000710900000, 0x0000000710900000, 0x0000000710a00000|  0%| F|  |TAMS 0x0000000710900000, 0x0000000710900000| Untracked 
| 204|0x0000000710a00000, 0x0000000710a00000, 0x0000000710b00000|  0%| F|  |TAMS 0x0000000710a00000, 0x0000000710a00000| Untracked 
| 205|0x0000000710b00000, 0x0000000710b00000, 0x0000000710c00000|  0%| F|  |TAMS 0x0000000710b00000, 0x0000000710b00000| Untracked 
| 206|0x0000000710c00000, 0x0000000710c00000, 0x0000000710d00000|  0%| F|  |TAMS 0x0000000710c00000, 0x0000000710c00000| Untracked 
| 207|0x0000000710d00000, 0x0000000710d00000, 0x0000000710e00000|  0%| F|  |TAMS 0x0000000710d00000, 0x0000000710d00000| Untracked 
| 208|0x0000000710e00000, 0x0000000710e00000, 0x0000000710f00000|  0%| F|  |TAMS 0x0000000710e00000, 0x0000000710e00000| Untracked 
| 209|0x0000000710f00000, 0x0000000710f00000, 0x0000000711000000|  0%| F|  |TAMS 0x0000000710f00000, 0x0000000710f00000| Untracked 
| 210|0x0000000711000000, 0x0000000711000000, 0x0000000711100000|  0%| F|  |TAMS 0x0000000711000000, 0x0000000711000000| Untracked 
| 211|0x0000000711100000, 0x0000000711100000, 0x0000000711200000|  0%| F|  |TAMS 0x0000000711100000, 0x0000000711100000| Untracked 
| 212|0x0000000711200000, 0x0000000711200000, 0x0000000711300000|  0%| F|  |TAMS 0x0000000711200000, 0x0000000711200000| Untracked 
| 213|0x0000000711300000, 0x0000000711300000, 0x0000000711400000|  0%| F|  |TAMS 0x0000000711300000, 0x0000000711300000| Untracked 
| 214|0x0000000711400000, 0x0000000711400000, 0x0000000711500000|  0%| F|  |TAMS 0x0000000711400000, 0x0000000711400000| Untracked 
| 215|0x0000000711500000, 0x0000000711500000, 0x0000000711600000|  0%| F|  |TAMS 0x0000000711500000, 0x0000000711500000| Untracked 
| 216|0x0000000711600000, 0x0000000711600000, 0x0000000711700000|  0%| F|  |TAMS 0x0000000711600000, 0x0000000711600000| Untracked 
| 217|0x0000000711700000, 0x0000000711700000, 0x0000000711800000|  0%| F|  |TAMS 0x0000000711700000, 0x0000000711700000| Untracked 
| 218|0x0000000711800000, 0x0000000711800000, 0x0000000711900000|  0%| F|  |TAMS 0x0000000711800000, 0x0000000711800000| Untracked 
| 219|0x0000000711900000, 0x0000000711900000, 0x0000000711a00000|  0%| F|  |TAMS 0x0000000711900000, 0x0000000711900000| Untracked 
| 220|0x0000000711a00000, 0x0000000711a00000, 0x0000000711b00000|  0%| F|  |TAMS 0x0000000711a00000, 0x0000000711a00000| Untracked 
| 221|0x0000000711b00000, 0x0000000711b00000, 0x0000000711c00000|  0%| F|  |TAMS 0x0000000711b00000, 0x0000000711b00000| Untracked 
| 222|0x0000000711c00000, 0x0000000711c00000, 0x0000000711d00000|  0%| F|  |TAMS 0x0000000711c00000, 0x0000000711c00000| Untracked 
| 223|0x0000000711d00000, 0x0000000711d00000, 0x0000000711e00000|  0%| F|  |TAMS 0x0000000711d00000, 0x0000000711d00000| Untracked 
| 224|0x0000000711e00000, 0x0000000711e00000, 0x0000000711f00000|  0%| F|  |TAMS 0x0000000711e00000, 0x0000000711e00000| Untracked 
| 225|0x0000000711f00000, 0x0000000711f00000, 0x0000000712000000|  0%| F|  |TAMS 0x0000000711f00000, 0x0000000711f00000| Untracked 
| 226|0x0000000712000000, 0x0000000712000000, 0x0000000712100000|  0%| F|  |TAMS 0x0000000712000000, 0x0000000712000000| Untracked 
| 227|0x0000000712100000, 0x0000000712100000, 0x0000000712200000|  0%| F|  |TAMS 0x0000000712100000, 0x0000000712100000| Untracked 
| 228|0x0000000712200000, 0x0000000712200000, 0x0000000712300000|  0%| F|  |TAMS 0x0000000712200000, 0x0000000712200000| Untracked 
| 229|0x0000000712300000, 0x0000000712300000, 0x0000000712400000|  0%| F|  |TAMS 0x0000000712300000, 0x0000000712300000| Untracked 
| 230|0x0000000712400000, 0x0000000712400000, 0x0000000712500000|  0%| F|  |TAMS 0x0000000712400000, 0x0000000712400000| Untracked 
| 231|0x0000000712500000, 0x0000000712500000, 0x0000000712600000|  0%| F|  |TAMS 0x0000000712500000, 0x0000000712500000| Untracked 
| 232|0x0000000712600000, 0x0000000712600000, 0x0000000712700000|  0%| F|  |TAMS 0x0000000712600000, 0x0000000712600000| Untracked 
| 233|0x0000000712700000, 0x0000000712700000, 0x0000000712800000|  0%| F|  |TAMS 0x0000000712700000, 0x0000000712700000| Untracked 
| 234|0x0000000712800000, 0x0000000712800000, 0x0000000712900000|  0%| F|  |TAMS 0x0000000712800000, 0x0000000712800000| Untracked 
| 235|0x0000000712900000, 0x0000000712900000, 0x0000000712a00000|  0%| F|  |TAMS 0x0000000712900000, 0x0000000712900000| Untracked 
| 236|0x0000000712a00000, 0x0000000712a00000, 0x0000000712b00000|  0%| F|  |TAMS 0x0000000712a00000, 0x0000000712a00000| Untracked 
| 237|0x0000000712b00000, 0x0000000712b00000, 0x0000000712c00000|  0%| F|  |TAMS 0x0000000712b00000, 0x0000000712b00000| Untracked 
| 238|0x0000000712c00000, 0x0000000712c00000, 0x0000000712d00000|  0%| F|  |TAMS 0x0000000712c00000, 0x0000000712c00000| Untracked 
| 239|0x0000000712d00000, 0x0000000712d00000, 0x0000000712e00000|  0%| F|  |TAMS 0x0000000712d00000, 0x0000000712d00000| Untracked 
| 240|0x0000000712e00000, 0x0000000712e00000, 0x0000000712f00000|  0%| F|  |TAMS 0x0000000712e00000, 0x0000000712e00000| Untracked 
| 241|0x0000000712f00000, 0x0000000712f00000, 0x0000000713000000|  0%| F|  |TAMS 0x0000000712f00000, 0x0000000712f00000| Untracked 
| 242|0x0000000713000000, 0x0000000713000000, 0x0000000713100000|  0%| F|  |TAMS 0x0000000713000000, 0x0000000713000000| Untracked 
| 243|0x0000000713100000, 0x0000000713100000, 0x0000000713200000|  0%| F|  |TAMS 0x0000000713100000, 0x0000000713100000| Untracked 
| 244|0x0000000713200000, 0x0000000713200000, 0x0000000713300000|  0%| F|  |TAMS 0x0000000713200000, 0x0000000713200000| Untracked 
| 245|0x0000000713300000, 0x0000000713300000, 0x0000000713400000|  0%| F|  |TAMS 0x0000000713300000, 0x0000000713300000| Untracked 
| 246|0x0000000713400000, 0x0000000713400000, 0x0000000713500000|  0%| F|  |TAMS 0x0000000713400000, 0x0000000713400000| Untracked 
| 247|0x0000000713500000, 0x0000000713500000, 0x0000000713600000|  0%| F|  |TAMS 0x0000000713500000, 0x0000000713500000| Untracked 
| 248|0x0000000713600000, 0x0000000713600000, 0x0000000713700000|  0%| F|  |TAMS 0x0000000713600000, 0x0000000713600000| Untracked 
| 249|0x0000000713700000, 0x0000000713700000, 0x0000000713800000|  0%| F|  |TAMS 0x0000000713700000, 0x0000000713700000| Untracked 
| 250|0x0000000713800000, 0x0000000713800000, 0x0000000713900000|  0%| F|  |TAMS 0x0000000713800000, 0x0000000713800000| Untracked 
| 251|0x0000000713900000, 0x00000007139dcc20, 0x0000000713a00000| 86%| S|CS|TAMS 0x0000000713900000, 0x0000000713900000| Complete 
| 252|0x0000000713a00000, 0x0000000713b00000, 0x0000000713b00000|100%| S|CS|TAMS 0x0000000713a00000, 0x0000000713a00000| Complete 
| 253|0x0000000713b00000, 0x0000000713b00000, 0x0000000713c00000|  0%| F|  |TAMS 0x0000000713b00000, 0x0000000713b00000| Untracked 

Card table byte_map: [0x0000020276c80000,0x0000020277470000] _byte_map_base: 0x0000020273461000

Marking Bits (Prev, Next): (CMBitMap*) 0x000002026347f350, (CMBitMap*) 0x000002026347f318
 Prev Bits: [0x000002027bb70000, 0x000002027fa78000)
 Next Bits: [0x0000020277c60000, 0x000002027bb68000)

Polling page: 0x0000020262c00000

Metaspace:

Usage:
  Non-class:     27.53 MB capacity,    27.21 MB ( 99%) used,   278.55 KB ( <1%) free+waste,    49.31 KB ( <1%) overhead. 
      Class:      3.82 MB capacity,     3.65 MB ( 96%) used,   151.82 KB (  4%) free+waste,    23.69 KB ( <1%) overhead. 
       Both:     31.35 MB capacity,    30.86 MB ( 98%) used,   430.38 KB (  1%) free+waste,    73.00 KB ( <1%) overhead. 

Virtual space:
  Non-class space:       28.00 MB reserved,      27.67 MB ( 99%) committed 
      Class space:        1.00 GB reserved,       3.88 MB ( <1%) committed 
             Both:        1.03 GB reserved,      31.55 MB (  3%) committed 

Chunk freelists:
   Non-Class:  146.00 KB
       Class:  27.00 KB
        Both:  173.00 KB

MaxMetaspaceSize: 17179869184.00 GB
CompressedClassSpaceSize: 1.00 GB
Initial GC threshold: 20.80 MB
Current GC threshold: 35.08 MB
CDS: off

CodeHeap 'non-profiled nmethods': size=120000Kb used=941Kb max_used=941Kb free=119059Kb
 bounds [0x000002026ea10000, 0x000002026ec80000, 0x0000020275f40000]
CodeHeap 'profiled nmethods': size=120000Kb used=4332Kb max_used=4332Kb free=115667Kb
 bounds [0x00000202674e0000, 0x0000020267920000, 0x000002026ea10000]
CodeHeap 'non-nmethods': size=5760Kb used=1234Kb max_used=1287Kb free=4525Kb
 bounds [0x0000020266f40000, 0x00000202671b0000, 0x00000202674e0000]
 total_blobs=2832 nmethods=2316 adapters=428
 compilation: enabled
              stopped_count=0, restarted_count=0
 full_count=0

Compilation events (20 events):
Event: 4.040 Thread 0x0000020203167800 nmethod 2316 0x0000020267914890 code [0x0000020267914a40, 0x0000020267914b78]
Event: 4.058 Thread 0x0000020203167800 2317 %     3       org.jetbrains.kotlin.com.intellij.openapi.fileEditor.impl.LoadTextUtil::convertLineSeparatorsToSlashN @ 36 (247 bytes)
Event: 4.060 Thread 0x0000020203167800 nmethod 2317% 0x0000020267914c10 code [0x0000020267914f00, 0x0000020267916348]
Event: 4.060 Thread 0x0000020203114000 2318 %     4       org.jetbrains.kotlin.com.intellij.openapi.fileEditor.impl.LoadTextUtil::convertLineSeparatorsToSlashN @ 36 (247 bytes)
Event: 4.068 Thread 0x0000020203114000 nmethod 2318% 0x000002026eaf9110 code [0x000002026eaf92c0, 0x000002026eaf97d8]
Event: 4.068 Thread 0x00000202032d0800 2319       4       org.jetbrains.kotlin.com.intellij.openapi.fileEditor.impl.LoadTextUtil::convertLineSeparatorsToSlashN (247 bytes)
Event: 4.072 Thread 0x00000202032d0800 nmethod 2319 0x000002026eaf9a90 code [0x000002026eaf9c40, 0x000002026eaf9e78]
Event: 4.087 Thread 0x0000020203167800 2320 %     3       org.jetbrains.kotlin.com.intellij.openapi.util.text.StringUtil::assertValidSeparators @ 31 (200 bytes)
Event: 4.089 Thread 0x0000020203167800 nmethod 2320% 0x0000020267916a10 code [0x0000020267916e60, 0x0000020267918bb8]
Event: 4.089 Thread 0x0000020203114000 2321 %     4       org.jetbrains.kotlin.com.intellij.openapi.util.text.StringUtil::assertValidSeparators @ 31 (200 bytes)
Event: 4.094 Thread 0x0000020203114000 nmethod 2321% 0x000002026eafa110 code [0x000002026eafa2a0, 0x000002026eafa598]
Event: 4.094 Thread 0x00000202032d0800 2322       4       org.jetbrains.kotlin.com.intellij.openapi.util.text.StringUtil::assertValidSeparators (200 bytes)
Event: 4.100 Thread 0x00000202032d0800 nmethod 2322 0x000002026eafa710 code [0x000002026eafa8e0, 0x000002026eafabb8]
Event: 4.108 Thread 0x0000020203167800 2323 %     3       org.jetbrains.kotlin.com.intellij.util.text.ByteArrayCharSequence::toBytesIfPossible @ 86 (121 bytes)
Event: 4.109 Thread 0x0000020203167800 nmethod 2323% 0x0000020267919510 code [0x0000020267919760, 0x000002026791a148]
Event: 4.109 Thread 0x0000020203167800 2324       3       org.jetbrains.kotlin.com.intellij.util.text.ByteArrayCharSequence::toBytesIfPossible (121 bytes)
Event: 4.109 Thread 0x0000020203167800 nmethod 2324 0x000002026791a410 code [0x000002026791a660, 0x000002026791af68]
Event: 4.110 Thread 0x0000020203114000 2325 %     4       org.jetbrains.kotlin.com.intellij.util.text.ByteArrayCharSequence::toBytesIfPossible @ 86 (121 bytes)
Event: 4.114 Thread 0x0000020203114000 nmethod 2325% 0x000002026eafae10 code [0x000002026eafafc0, 0x000002026eafb298]
Event: 4.152 Thread 0x00000202032d0800 2326       4       java.lang.StringUTF16::compress (50 bytes)

GC Heap History (9 events):
Event: 1.231 GC heap before
{Heap before GC invocations=0 (full 0):
 garbage-first heap   total 260096K, used 27648K [0x0000000703e00000, 0x0000000800000000)
  region size 1024K, 24 young (24576K), 0 survivors (0K)
 Metaspace       used 12351K, capacity 12504K, committed 12800K, reserved 1060864K
  class space    used 1150K, capacity 1207K, committed 1280K, reserved 1048576K
}
Event: 1.238 GC heap after
{Heap after GC invocations=1 (full 0):
 garbage-first heap   total 260096K, used 5763K [0x0000000703e00000, 0x0000000800000000)
  region size 1024K, 3 young (3072K), 3 survivors (3072K)
 Metaspace       used 12351K, capacity 12504K, committed 12800K, reserved 1060864K
  class space    used 1150K, capacity 1207K, committed 1280K, reserved 1048576K
}
Event: 2.403 GC heap before
{Heap before GC invocations=1 (full 0):
 garbage-first heap   total 260096K, used 41603K [0x0000000703e00000, 0x0000000800000000)
  region size 1024K, 39 young (39936K), 3 survivors (3072K)
 Metaspace       used 20857K, capacity 21142K, committed 21296K, reserved 1069056K
  class space    used 2241K, capacity 2347K, committed 2432K, reserved 1048576K
}
Event: 2.426 GC heap after
{Heap after GC invocations=2 (full 0):
 garbage-first heap   total 260096K, used 9272K [0x0000000703e00000, 0x0000000800000000)
  region size 1024K, 7 young (7168K), 7 survivors (7168K)
 Metaspace       used 20857K, capacity 21142K, committed 21296K, reserved 1069056K
  class space    used 2241K, capacity 2347K, committed 2432K, reserved 1048576K
}
Event: 3.681 GC heap before
{Heap before GC invocations=3 (full 0):
 garbage-first heap   total 260096K, used 65592K [0x0000000703e00000, 0x0000000800000000)
  region size 1024K, 55 young (56320K), 7 survivors (7168K)
 Metaspace       used 31011K, capacity 31477K, committed 31792K, reserved 1077248K
  class space    used 3690K, capacity 3875K, committed 3968K, reserved 1048576K
}
Event: 3.699 GC heap after
{Heap after GC invocations=4 (full 0):
 garbage-first heap   total 260096K, used 21292K [0x0000000703e00000, 0x0000000800000000)
  region size 1024K, 7 young (7168K), 7 survivors (7168K)
 Metaspace       used 31011K, capacity 31477K, committed 31792K, reserved 1077248K
  class space    used 3690K, capacity 3875K, committed 3968K, reserved 1048576K
}
Event: 3.802 GC heap before
{Heap before GC invocations=4 (full 0):
 garbage-first heap   total 260096K, used 29484K [0x0000000703e00000, 0x0000000800000000)
  region size 1024K, 15 young (15360K), 7 survivors (7168K)
 Metaspace       used 31444K, capacity 31964K, committed 32304K, reserved 1077248K
  class space    used 3731K, capacity 3908K, committed 3968K, reserved 1048576K
}
Event: 3.815 GC heap after
{Heap after GC invocations=5 (full 0):
 garbage-first heap   total 260096K, used 24576K [0x0000000703e00000, 0x0000000800000000)
  region size 1024K, 2 young (2048K), 2 survivors (2048K)
 Metaspace       used 31444K, capacity 31964K, committed 32304K, reserved 1077248K
  class space    used 3731K, capacity 3908K, committed 3968K, reserved 1048576K
}
Event: 4.154 GC heap before
{Heap before GC invocations=5 (full 0):
 garbage-first heap   total 260096K, used 103424K [0x0000000703e00000, 0x0000000800000000)
  region size 1024K, 3 young (3072K), 2 survivors (2048K)
 Metaspace       used 31595K, capacity 32099K, committed 32304K, reserved 1077248K
  class space    used 3733K, capacity 3909K, committed 3968K, reserved 1048576K
}

Deoptimization events (20 events):
Event: 3.985 Thread 0x000002026341f800 DEOPT PACKING pc=0x000002026eae64e4 sp=0x000000638defe850
Event: 3.985 Thread 0x000002026341f800 DEOPT UNPACKING pc=0x0000020266f8a1af sp=0x000000638defe7e0 mode 2
Event: 4.028 Thread 0x000002026341f800 DEOPT PACKING pc=0x0000020267911ff2 sp=0x000000638defe630
Event: 4.028 Thread 0x000002026341f800 DEOPT UNPACKING pc=0x0000020266f8a95e sp=0x000000638defdbf0 mode 0
Event: 4.056 Thread 0x000002026341f800 Uncommon trap: trap_request=0xffffff4d fr.pc=0x000002026eaf809c relative=0x00000000000007bc
Event: 4.056 Thread 0x000002026341f800 Uncommon trap: reason=unstable_if action=reinterpret pc=0x000002026eaf809c method=sun.nio.cs.UTF_8$Decoder.decodeArrayLoop(Ljava/nio/ByteBuffer;Ljava/nio/CharBuffer;)Ljava/nio/charset/CoderResult; @ 110 c2
Event: 4.056 Thread 0x000002026341f800 DEOPT PACKING pc=0x000002026eaf809c sp=0x000000638defe750
Event: 4.056 Thread 0x000002026341f800 DEOPT UNPACKING pc=0x0000020266f8a1af sp=0x000000638defe6f0 mode 2
Event: 4.068 Thread 0x000002026341f800 DEOPT PACKING pc=0x000002026791613e sp=0x000000638defe8c0
Event: 4.068 Thread 0x000002026341f800 DEOPT UNPACKING pc=0x0000020266f8a95e sp=0x000000638defde10 mode 0
Event: 4.086 Thread 0x000002026341f800 Uncommon trap: trap_request=0xffffff4d fr.pc=0x000002026eaf9734 relative=0x0000000000000474
Event: 4.086 Thread 0x000002026341f800 Uncommon trap: reason=unstable_if action=reinterpret pc=0x000002026eaf9734 method=org.jetbrains.kotlin.com.intellij.openapi.fileEditor.impl.LoadTextUtil.convertLineSeparatorsToSlashN(Ljava/nio/CharBuffer;)Lorg/jetbrains/kotlin/com/intellij/openapi/fileEdi
Event: 4.086 Thread 0x000002026341f800 DEOPT PACKING pc=0x000002026eaf9734 sp=0x000000638defe970
Event: 4.086 Thread 0x000002026341f800 DEOPT UNPACKING pc=0x0000020266f8a1af sp=0x000000638defe910 mode 2
Event: 4.094 Thread 0x000002026341f800 DEOPT PACKING pc=0x00000202679185ad sp=0x000000638defe9c0
Event: 4.094 Thread 0x000002026341f800 DEOPT UNPACKING pc=0x0000020266f8a95e sp=0x000000638defdf38 mode 0
Event: 4.098 Thread 0x000002026341f800 Uncommon trap: trap_request=0xffffff4d fr.pc=0x000002026eafa564 relative=0x00000000000002c4
Event: 4.098 Thread 0x000002026341f800 Uncommon trap: reason=unstable_if action=reinterpret pc=0x000002026eafa564 method=org.jetbrains.kotlin.com.intellij.openapi.util.text.StringUtil.assertValidSeparators(Ljava/lang/CharSequence;)V @ 34 c2
Event: 4.098 Thread 0x000002026341f800 DEOPT PACKING pc=0x000002026eafa564 sp=0x000000638defea90
Event: 4.098 Thread 0x000002026341f800 DEOPT UNPACKING pc=0x0000020266f8a1af sp=0x000000638defea38 mode 2

Classes redefined (0 events):
No events

Internal exceptions (20 events):
Event: 2.484 Thread 0x000002026341f800 Exception <a 'java/lang/NoSuchMethodError'{0x0000000713ad9aa8}: 'long java.lang.invoke.DirectMethodHandle$Holder.invokeStatic(java.lang.Object)'> (0x0000000713ad9aa8) thrown at [./src/hotspot/share/interpreter/linkResolver.cpp, line 773]
Event: 2.485 Thread 0x000002026341f800 Exception <a 'java/lang/NoSuchMethodError'{0x0000000713adc900}: 'long java.lang.invoke.DirectMethodHandle$Holder.invokeStaticInit(java.lang.Object)'> (0x0000000713adc900) thrown at [./src/hotspot/share/interpreter/linkResolver.cpp, line 773]
Event: 2.566 Thread 0x000002026341f800 Exception <a 'java/lang/NoSuchMethodError'{0x0000000713689b28}: 'int java.lang.invoke.DirectMethodHandle$Holder.invokeStaticInit(java.lang.Object, java.lang.Object, java.lang.Object)'> (0x0000000713689b28) thrown at [./src/hotspot/share/interpreter/linkResolver.cpp, line 773]
Event: 2.575 Thread 0x000002026341f800 Exception <a 'java/lang/NoSuchMethodError'{0x00000007136b47b8}: 'int java.lang.invoke.DirectMethodHandle$Holder.invokeStaticInit(java.lang.Object, java.lang.Object)'> (0x00000007136b47b8) thrown at [./src/hotspot/share/interpreter/linkResolver.cpp, line 773]
Event: 2.646 Thread 0x000002026341f800 Exception <a 'java/lang/NoSuchMethodError'{0x00000007134c3770}: 'void java.lang.invoke.DirectMethodHandle$Holder.invokeSpecial(java.lang.Object, java.lang.Object)'> (0x00000007134c3770) thrown at [./src/hotspot/share/interpreter/linkResolver.cpp, line 773]
Event: 2.896 Thread 0x000002026341f800 Exception <a 'java/lang/NoSuchMethodError'{0x0000000712cf41a8}: 'java.lang.Object java.lang.invoke.DirectMethodHandle$Holder.invokeStatic(java.lang.Object, java.lang.Object, java.lang.Object, java.lang.Object, java.lang.Object, java.lang.Object, java.lang.Object, java.lang.Object, java.lang.Object, java.lang.Object, java.lang.Object, java.lang.Object, java.lang.Object, java.lang.Object, java.lang.Object)'> (0x0000000712cf41a8) thrown at [./src/hotspot/share/interpreter/linkResolver.cpp, line 773]
Event: 2.898 Thread 0x000002026341f800 Exception <a 'java/lang/NoSuchMethodError'{0x0000000712b02820}: 'java.lang.Object java.lang.invoke.DirectMethodHandle$Holder.invokeStatic(java.lang.Object, java.lang.Object, java.lang.Object, java.lang.Object, java.lang.Object, java.lang.Object, java.lang.Object, java.lang.Object, java.lang.Object, java.lang.Object, java.lang.Object, java.lang.Object, java.lang.Object, java.lang.Object, java.lang.Object, java.lang.Object)'> (0x0000000712b02820) thrown at [./src/hotspot/share/interpreter/linkResolver.cpp, l
Event: 2.901 Thread 0x000002026341f800 Exception <a 'java/lang/NoSuchMethodError'{0x0000000712b10738}: 'java.lang.Object java.lang.invoke.DirectMethodHandle$Holder.invokeSpecial(java.lang.Object, java.lang.Object, int, int, java.lang.Object, java.lang.Object, java.lang.Object)'> (0x0000000712b10738) thrown at [./src/hotspot/share/interpreter/linkResolver.cpp, line 773]
Event: 2.902 Thread 0x000002026341f800 Exception <a 'java/lang/NoSuchMethodError'{0x0000000712b13f70}: 'java.lang.Object java.lang.invoke.DelegatingMethodHandle$Holder.reinvoke_L(java.lang.Object, int, int, java.lang.Object, java.lang.Object, java.lang.Object)'> (0x0000000712b13f70) thrown at [./src/hotspot/share/interpreter/linkResolver.cpp, line 773]
Event: 2.903 Thread 0x000002026341f800 Exception <a 'java/lang/NoSuchMethodError'{0x0000000712b182f8}: 'java.lang.Object java.lang.invoke.DirectMethodHandle$Holder.invokeStatic(java.lang.Object, java.lang.Object, java.lang.Object, java.lang.Object, int)'> (0x0000000712b182f8) thrown at [./src/hotspot/share/interpreter/linkResolver.cpp, line 773]
Event: 2.972 Thread 0x000002026341f800 Exception <a 'sun/nio/fs/WindowsException'{0x0000000712a57038}> (0x0000000712a57038) thrown at [./src/hotspot/share/prims/jni.cpp, line 616]
Event: 2.972 Thread 0x000002026341f800 Exception <a 'sun/nio/fs/WindowsException'{0x0000000712a578a8}> (0x0000000712a578a8) thrown at [./src/hotspot/share/prims/jni.cpp, line 616]
Event: 2.972 Thread 0x000002026341f800 Exception <a 'sun/nio/fs/WindowsException'{0x0000000712a58130}> (0x0000000712a58130) thrown at [./src/hotspot/share/prims/jni.cpp, line 616]
Event: 2.972 Thread 0x000002026341f800 Exception <a 'sun/nio/fs/WindowsException'{0x0000000712a58b08}> (0x0000000712a58b08) thrown at [./src/hotspot/share/prims/jni.cpp, line 616]
Event: 2.973 Thread 0x000002026341f800 Exception <a 'sun/nio/fs/WindowsException'{0x0000000712a593f0}> (0x0000000712a593f0) thrown at [./src/hotspot/share/prims/jni.cpp, line 616]
Event: 2.973 Thread 0x000002026341f800 Exception <a 'sun/nio/fs/WindowsException'{0x0000000712a59d08}> (0x0000000712a59d08) thrown at [./src/hotspot/share/prims/jni.cpp, line 616]
Event: 2.975 Thread 0x000002026341f800 Exception <a 'java/lang/NoSuchMethodError'{0x0000000712a60448}: 'void java.lang.invoke.DirectMethodHandle$Holder.invokeStatic(java.lang.Object, java.lang.Object, java.lang.Object, java.lang.Object)'> (0x0000000712a60448) thrown at [./src/hotspot/share/interpreter/linkResolver.cpp, line 773]
Event: 3.060 Thread 0x000002026341f800 Exception <a 'java/lang/NoSuchMethodError'{0x000000071263b548}: 'void java.lang.invoke.DirectMethodHandle$Holder.invokeStaticInit(java.lang.Object, java.lang.Object)'> (0x000000071263b548) thrown at [./src/hotspot/share/interpreter/linkResolver.cpp, line 773]
Event: 3.159 Thread 0x000002026341f800 Exception <a 'java/lang/NoSuchMethodError'{0x00000007122d6050}: 'void java.lang.invoke.DirectMethodHandle$Holder.invokeVirtual(java.lang.Object, java.lang.Object)'> (0x00000007122d6050) thrown at [./src/hotspot/share/interpreter/linkResolver.cpp, line 773]
Event: 3.171 Thread 0x000002026341f800 Exception <a 'java/lang/NoSuchMethodError'{0x000000071214b2a0}: 'int java.lang.invoke.DirectMethodHandle$Holder.invokeVirtual(java.lang.Object, java.lang.Object)'> (0x000000071214b2a0) thrown at [./src/hotspot/share/interpreter/linkResolver.cpp, line 773]

Events (20 events):
Event: 3.798 loading class org/jetbrains/kotlin/com/intellij/util/text/ImmutableText$LeafNode done
Event: 3.798 loading class org/jetbrains/kotlin/com/intellij/util/text/ImmutableText$Node
Event: 3.798 loading class org/jetbrains/kotlin/com/intellij/util/text/ImmutableText$Node done
Event: 3.799 loading class org/jetbrains/kotlin/com/intellij/util/text/ImmutableText$Leaf8BitNode
Event: 3.799 loading class org/jetbrains/kotlin/com/intellij/util/text/ImmutableText$Leaf8BitNode done
Event: 3.799 loading class org/jetbrains/kotlin/com/intellij/util/text/ImmutableText$WideLeafNode
Event: 3.799 loading class org/jetbrains/kotlin/com/intellij/util/text/ImmutableText$WideLeafNode done
Event: 3.799 loading class org/jetbrains/kotlin/com/intellij/util/text/ImmutableText$CompositeNode
Event: 3.799 loading class org/jetbrains/kotlin/com/intellij/util/text/ImmutableText$CompositeNode done
Event: 3.800 loading class org/jetbrains/kotlin/com/intellij/openapi/editor/impl/FrozenDocument
Event: 3.800 loading class org/jetbrains/kotlin/com/intellij/openapi/editor/impl/FrozenDocument done
Event: 3.801 loading class org/jetbrains/kotlin/com/intellij/injected/editor/DocumentWindow
Event: 3.801 loading class org/jetbrains/kotlin/com/intellij/injected/editor/DocumentWindow done
Event: 3.801 loading class org/jetbrains/kotlin/com/intellij/util/text/StringFactory
Event: 3.801 loading class org/jetbrains/kotlin/com/intellij/util/text/StringFactory done
Event: 3.802 Executing VM operation: G1CollectForAllocation
Event: 3.815 Executing VM operation: G1CollectForAllocation done
Event: 3.985 loading class org/jetbrains/kotlin/com/intellij/openapi/fileEditor/impl/LoadTextUtil$AutoDetectionReason
Event: 3.985 loading class org/jetbrains/kotlin/com/intellij/openapi/fileEditor/impl/LoadTextUtil$AutoDetectionReason done
Event: 4.154 Executing VM operation: G1CollectForAllocation


Dynamic libraries:
0x00007ff794940000 - 0x00007ff79494a000 	C:\Program Files\Android\Android Studio\jre\bin\java.exe
0x00007ff8c6fd0000 - 0x00007ff8c71c8000 	C:\Windows\SYSTEM32\ntdll.dll
0x00007ff8c5d20000 - 0x00007ff8c5ddf000 	C:\Windows\System32\KERNEL32.DLL
0x00007ff8c4d10000 - 0x00007ff8c4fe2000 	C:\Windows\System32\KERNELBASE.dll
0x00007ff8c46d0000 - 0x00007ff8c47d0000 	C:\Windows\System32\ucrtbase.dll
0x00007ff8a9d00000 - 0x00007ff8a9d17000 	C:\Program Files\Android\Android Studio\jre\bin\VCRUNTIME140.dll
0x00007ff8a9ac0000 - 0x00007ff8a9ad9000 	C:\Program Files\Android\Android Studio\jre\bin\jli.dll
0x00007ff8c6af0000 - 0x00007ff8c6c8d000 	C:\Windows\System32\USER32.dll
0x00007ff8c48c0000 - 0x00007ff8c48e2000 	C:\Windows\System32\win32u.dll
0x00007ff8c60f0000 - 0x00007ff8c611b000 	C:\Windows\System32\GDI32.dll
0x00007ff8a3960000 - 0x00007ff8a3bfa000 	C:\Windows\WinSxS\amd64_microsoft.windows.common-controls_6595b64144ccf1df_6.0.19041.1110_none_60b5254171f9507e\COMCTL32.dll
0x00007ff8c4960000 - 0x00007ff8c4a6f000 	C:\Windows\System32\gdi32full.dll
0x00007ff8c5de0000 - 0x00007ff8c5e7e000 	C:\Windows\System32\msvcrt.dll
0x00007ff8c4820000 - 0x00007ff8c48bd000 	C:\Windows\System32\msvcp_win.dll
0x00007ff8c6a30000 - 0x00007ff8c6a62000 	C:\Windows\System32\IMM32.DLL
0x00007ff874cb0000 - 0x00007ff874d4d000 	C:\Program Files\Android\Android Studio\jre\bin\msvcp140.dll
0x00007ff87de80000 - 0x00007ff87e982000 	C:\Program Files\Android\Android Studio\jre\bin\server\jvm.dll
0x00007ff8c5560000 - 0x00007ff8c560e000 	C:\Windows\System32\ADVAPI32.dll
0x00007ff8c6120000 - 0x00007ff8c61bc000 	C:\Windows\System32\sechost.dll
0x00007ff8c6c90000 - 0x00007ff8c6db5000 	C:\Windows\System32\RPCRT4.dll
0x00007ff8c61c0000 - 0x00007ff8c61c8000 	C:\Windows\System32\PSAPI.DLL
0x00007ff8b8840000 - 0x00007ff8b8849000 	C:\Windows\SYSTEM32\WSOCK32.dll
0x00007ff8bb5e0000 - 0x00007ff8bb5ea000 	C:\Windows\SYSTEM32\VERSION.dll
0x00007ff8c5fb0000 - 0x00007ff8c601b000 	C:\Windows\System32\WS2_32.dll
0x00007ff8ab640000 - 0x00007ff8ab667000 	C:\Windows\SYSTEM32\WINMM.dll
0x00007ff8c2ee0000 - 0x00007ff8c2ef2000 	C:\Windows\SYSTEM32\kernel.appcore.dll
0x00007ff8bf0b0000 - 0x00007ff8bf0c1000 	C:\Program Files\Android\Android Studio\jre\bin\verify.dll
0x00007ff8c2530000 - 0x00007ff8c2714000 	C:\Windows\SYSTEM32\DBGHELP.DLL
0x00007ff8bae20000 - 0x00007ff8bae4c000 	C:\Windows\SYSTEM32\dbgcore.DLL
0x00007ff8c4a70000 - 0x00007ff8c4af2000 	C:\Windows\System32\bcryptPrimitives.dll
0x00007ff8bac30000 - 0x00007ff8bac59000 	C:\Program Files\Android\Android Studio\jre\bin\java.dll
0x00007ff8bf110000 - 0x00007ff8bf11b000 	C:\Program Files\Android\Android Studio\jre\bin\jimage.dll
0x00007ff8ba620000 - 0x00007ff8ba638000 	C:\Program Files\Android\Android Studio\jre\bin\zip.dll
0x00007ff8c62e0000 - 0x00007ff8c6a23000 	C:\Windows\System32\SHELL32.dll
0x00007ff8c2730000 - 0x00007ff8c2ec2000 	C:\Windows\SYSTEM32\windows.storage.dll
0x00007ff8c5050000 - 0x00007ff8c53a4000 	C:\Windows\System32\combase.dll
0x00007ff8c4050000 - 0x00007ff8c4080000 	C:\Windows\SYSTEM32\Wldp.dll
0x00007ff8c6ee0000 - 0x00007ff8c6f8d000 	C:\Windows\System32\SHCORE.dll
0x00007ff8c5610000 - 0x00007ff8c5665000 	C:\Windows\System32\shlwapi.dll
0x00007ff8c4610000 - 0x00007ff8c462f000 	C:\Windows\SYSTEM32\profapi.dll
0x00007ff8adc80000 - 0x00007ff8adc9a000 	C:\Program Files\Android\Android Studio\jre\bin\net.dll
0x00007ff8be1f0000 - 0x00007ff8be2fc000 	C:\Windows\SYSTEM32\WINHTTP.dll
0x00007ff8c3e30000 - 0x00007ff8c3e9a000 	C:\Windows\system32\mswsock.dll
0x00007ff8adc60000 - 0x00007ff8adc74000 	C:\Program Files\Android\Android Studio\jre\bin\nio.dll

dbghelp: loaded successfully - version: 4.0.5 - missing functions: none
symbol engine: initialized successfully - sym options: 0x614 - pdb path: .;C:\Program Files\Android\Android Studio\jre\bin;C:\Windows\SYSTEM32;C:\Windows\WinSxS\amd64_microsoft.windows.common-controls_6595b64144ccf1df_6.0.19041.1110_none_60b5254171f9507e;C:\Program Files\Android\Android Studio\jre\bin\server

VM Arguments:
java_command: org.jetbrains.kotlin.cli.jvm.K2JVMCompiler @D:\dev\projects\kotlin\memring2\app\build\20221127_12787610781070744963.compiler.options
java_class_path (initial): C:\Users\me\.gradle\caches\modules-2\files-2.1\org.jetbrains.kotlin\kotlin-compiler-embeddable\1.6.10\88f2073f4020cdb83132cfe940ceb9a60aba54ea\kotlin-compiler-embeddable-1.6.10.jar;C:\Users\me\.gradle\caches\modules-2\files-2.1\org.jetbrains.kotlin\kotlin-reflect\1.6.10\1cbe9c92c12a94eea200d23c2bbaedaf3daf5132\kotlin-reflect-1.6.10.jar;C:\Users\me\.gradle\caches\modules-2\files-2.1\org.jetbrains.kotlin\kotlin-stdlib\1.6.10\b8af3fe6f1ca88526914929add63cf5e7c5049af\kotlin-stdlib-1.6.10.jar;C:\Users\me\.gradle\caches\modules-2\files-2.1\org.jetbrains.kotlin\kotlin-script-runtime\1.6.10\d0a7ff2e2500ef497ed0214ae40ad3c8387a6164\kotlin-script-runtime-1.6.10.jar;C:\Users\me\.gradle\caches\modules-2\files-2.1\org.jetbrains.kotlin\kotlin-daemon-embeddable\1.6.10\a56d79bcbea411fa6058e4ecffc2de73e742bd2a\kotlin-daemon-embeddable-1.6.10.jar;C:\Users\me\.gradle\caches\modules-2\files-2.1\org.jetbrains.intellij.deps\trove4j\1.0.20181211\216c2e14b070f334479d800987affe4054cd563f\trove4j-1.0.20181211.jar;C:\Users\me\.gradle\caches\modules-2\files-2.1\net.java.dev.jna\jna\5.6.0\330f2244e9030119ab3030fc3fededc86713d9cc\jna-5.6.0.jar;C:\Users\me\.gradle\caches\modules-2\files-2.1\org.jetbrains\annotations\13.0\919f0dfe192fb4e063e7dacadee7f8bb9a2672a9\annotations-13.0.jar;C:\Users\me\.gradle\caches\modules-2\files-2.1\org.jetbrains.kotlin\kotlin-stdlib-common\1.6.10\c118700e3a33c8a0d9adc920e9dec0831171925\kotlin-stdlib-common-1.6.10.jar
Launcher Type: SUN_STANDARD

[Global flags]
     intx CICompilerCount                          = 4                                         {product} {ergonomic}
     uint ConcGCThreads                            = 3                                         {product} {ergonomic}
     uint G1ConcRefinementThreads                  = 10                                        {product} {ergonomic}
   size_t G1HeapRegionSize                         = 1048576                                   {product} {ergonomic}
    uintx GCDrainStackTargetSize                   = 64                                        {product} {ergonomic}
   size_t InitialHeapSize                          = 266338304                                 {product} {ergonomic}
   size_t MarkStackSize                            = 4194304                                   {product} {ergonomic}
   size_t MaxHeapSize                              = 4229955584                                {product} {ergonomic}
   size_t MaxNewSize                               = 2537553920                                {product} {ergonomic}
   size_t MinHeapDeltaBytes                        = 1048576                                   {product} {ergonomic}
    uintx NonNMethodCodeHeapSize                   = 5836300                                {pd product} {ergonomic}
    uintx NonProfiledCodeHeapSize                  = 122910970                              {pd product} {ergonomic}
    uintx ProfiledCodeHeapSize                     = 122910970                              {pd product} {ergonomic}
    uintx ReservedCodeCacheSize                    = 251658240                              {pd product} {ergonomic}
     bool SegmentedCodeCache                       = true                                      {product} {ergonomic}
     bool UseCompressedClassPointers               = true                                 {lp64_product} {ergonomic}
     bool UseCompressedOops                        = true                                 {lp64_product} {ergonomic}
     bool UseG1GC                                  = true                                      {product} {ergonomic}
     bool UseLargePagesIndividualAllocation        = false                                  {pd product} {ergonomic}

Logging:
Log output configuration:
 #0: stdout all=warning uptime,level,tags
 #1: stderr all=off uptime,level,tags

Environment Variables:
PATH=C:\Python39\Scripts\;C:\Python39\;C:\Program Files (x86)\VMware\VMware Player\bin\;C:\Program Files (x86)\Common Files\Oracle\Java\javapath;C:\Windows\system32;C:\Windows;C:\Windows\System32\Wbem;C:\Windows\System32\WindowsPowerShell\v1.0\;C:\Windows\System32\OpenSSH\;C:\ProgramData\chocolatey\bin;C:\Program Files\dotnet\;C:\Go\bin;C:\ProgramData\chocolatey\lib\gsudo\bin\;C:\Program Files\nodejs\;C:\Program Files\Git\cmd;C:\Program Files\Microsoft SQL Server\150\Tools\Binn\;C:\Program Files\Microsoft SQL Server\Client SDK\ODBC\170\Tools\Binn\;%ANDROID_HOME%\emulator;%ANDROID_HOME%\platform-tools;%ANDROID_HOME%\tools;C:\Ruby27-x64\bin;C:\Users\me\scoop\shims;C:\Users\me\AppData\Local\Microsoft\WindowsApps;C:\Users\me\.dotnet\tools;C:\Users\me\go\bin;C:\Users\me\AppData\Local\Packages\PythonSoftwareFoundation.Python.3.9_qbz5n2kfra8p0\LocalCache\local-packages\Python39\Scripts;C:\Users\me\miniconda3\Scripts;%RTOOLS40_HOME%\usr\\bin;C:\Users\me\AppData\Local\Programs\Microsoft VS Code\bin;C:\Users\me\AppData\Local\Pandoc\;C:/Program Files/R/R-4.0.5\bin;C:\Users\me\AppData\Roaming\npm
USERNAME=me
OS=Windows_NT
PROCESSOR_IDENTIFIER=Intel64 Family 6 Model 165 Stepping 2, GenuineIntel



---------------  S Y S T E M  ---------------

OS: Windows 10 , 64 bit Build 19041 (10.0.19041.2251)
OS uptime: 0 days 7:08 hours
Hyper-V role detected

CPU:total 12 (initial active 12) (6 cores per cpu, 2 threads per core) family 6 model 165 stepping 2 microcode 0xf0, cmov, cx8, fxsr, mmx, sse, sse2, sse3, ssse3, sse4.1, sse4.2, popcnt, avx, avx2, aes, clmul, erms, 3dnowpref, lzcnt, ht, tsc, tscinvbit, bmi1, bmi2, adx, fma

Memory: 4k page, system-wide physical 16135M (402M free)
TotalPageFile size 35335M (AvailPageFile size 40M)
current process WorkingSet (physical memory assigned to process): 276M, peak: 276M
current process commit charge ("private bytes"): 416M, peak: 467M

vm_info: OpenJDK 64-Bit Server VM (11.0.13+0-b1751.21-8125866) for windows-amd64 JRE (11.0.13+0-b1751.21-8125866), built on Feb  2 2022 03:00:22 by "builder" with MS VC++ 14.0 (VS2015)

END.
