#
# There is insufficient memory for the Java Runtime Environment to continue.
# Native memory allocation (mmap) failed to map 242221056 bytes for Failed to commit area from 0x0000000716f00000 to 0x0000000725600000 of length 242221056.
# Possible reasons:
#   The system is out of physical RAM or swap space
#   The process is running with CompressedOops enabled, and the Java Heap may be blocking the growth of the native heap
# Possible solutions:
#   Reduce memory load on the system
#   Increase physical memory or swap space
#   Check if swap backing store is full
#   Decrease Java heap size (-Xmx/-Xms)
#   Decrease number of Java threads
#   Decrease Java thread stack sizes (-Xss)
#   Set larger code cache with -XX:ReservedCodeCacheSize=
#   JVM is running with Zero Based Compressed Oops mode in which the Java heap is
#     placed in the first 32GB address space. The Java Heap base address is the
#     maximum limit for the native heap growth. Please use -XX:HeapBaseMinAddress
#     to set the Java Heap base and to place the Java Heap above 32GB virtual address.
# This output file may be truncated or incomplete.
#
#  Out of Memory Error (./src/hotspot/os/windows/os_windows.cpp:3619), pid=16768, tid=8360
#
# JRE version: OpenJDK Runtime Environment (11.0.13) (build 11.0.13+0-b1751.21-8125866)
# Java VM: OpenJDK 64-Bit Server VM (11.0.13+0-b1751.21-8125866, mixed mode, tiered, compressed oops, g1 gc, windows-amd64)
# No core dump will be written. Minidumps are not enabled by default on client versions of Windows
#

---------------  S U M M A R Y ------------

Command Line: org.jetbrains.kotlin.cli.jvm.K2JVMCompiler @D:\dev\projects\kotlin\memring2\app\build\20221127_4554428432609459072.compiler.options

Host: Intel(R) Core(TM) i7-10750H CPU @ 2.60GHz, 12 cores, 15G,  Windows 10 , 64 bit Build 19041 (10.0.19041.2251)
Time: Sun Nov 27 20:20:08 2022 GMT Standard Time elapsed time: 6.657006 seconds (0d 0h 0m 6s)

---------------  T H R E A D  ---------------

Current thread (0x00000147cd0e0800):  VMThread "VM Thread" [stack: 0x0000001c89800000,0x0000001c89900000] [id=8360]

Stack: [0x0000001c89800000,0x0000001c89900000]
[error occurred during error reporting (printing stack bounds), id 0xc0000005, EXCEPTION_ACCESS_VIOLATION (0xc0000005) at pc=0x00000147b10a112d]

Native frames: (J=compiled Java code, j=interpreted, Vv=VM code, C=native code)
V  [jvm.dll+0x6100fa]
V  [jvm.dll+0x747090]
V  [jvm.dll+0x7486ad]
V  [jvm.dll+0x748ce5]
V  [jvm.dll+0x748c9b]
V  [jvm.dll+0x60f224]
V  [jvm.dll+0x60f9b8]
C  [ntdll.dll+0xa241f]
C  [ntdll.dll+0x514a4]
C  [ntdll.dll+0xa0f4e]
C  0x00000147b10a112d

VM_Operation (0x0000001c892fcdc0): G1CollectForAllocation, mode: safepoint, requested by thread 0x00000147ad57d800


---------------  P R O C E S S  ---------------

Threads class SMR info:
_java_thread_list=0x00000147ceda82c0, length=12, elements={
0x00000147ad57d800, 0x00000147cd0f2800, 0x00000147cd0fd800, 0x00000147cd9a7800,
0x00000147cd9aa000, 0x00000147cd9ab000, 0x00000147cd9af000, 0x00000147cd9f4800,
0x00000147cd9f5000, 0x00000147cdb7b000, 0x00000147cdb71000, 0x00000147cf8c1000
}

Java Threads: ( => current thread )
  0x00000147ad57d800 JavaThread "main" [_thread_blocked, id=9632, stack(0x0000001c89200000,0x0000001c89300000)]
  0x00000147cd0f2800 JavaThread "Reference Handler" daemon [_thread_blocked, id=20064, stack(0x0000001c89900000,0x0000001c89a00000)]
  0x00000147cd0fd800 JavaThread "Finalizer" daemon [_thread_blocked, id=26356, stack(0x0000001c89a00000,0x0000001c89b00000)]
  0x00000147cd9a7800 JavaThread "Signal Dispatcher" daemon [_thread_blocked, id=9592, stack(0x0000001c89b00000,0x0000001c89c00000)]
  0x00000147cd9aa000 JavaThread "Attach Listener" daemon [_thread_blocked, id=18048, stack(0x0000001c89c00000,0x0000001c89d00000)]
  0x00000147cd9ab000 JavaThread "Service Thread" daemon [_thread_blocked, id=9052, stack(0x0000001c89d00000,0x0000001c89e00000)]
  0x00000147cd9af000 JavaThread "C2 CompilerThread0" daemon [_thread_blocked, id=19216, stack(0x0000001c89e00000,0x0000001c89f00000)]
  0x00000147cd9f4800 JavaThread "C1 CompilerThread0" daemon [_thread_blocked, id=7408, stack(0x0000001c89f00000,0x0000001c8a000000)]
  0x00000147cd9f5000 JavaThread "Sweeper thread" daemon [_thread_blocked, id=4100, stack(0x0000001c8a000000,0x0000001c8a100000)]
  0x00000147cdb7b000 JavaThread "Common-Cleaner" daemon [_thread_blocked, id=20384, stack(0x0000001c8a200000,0x0000001c8a300000)]
  0x00000147cdb71000 JavaThread "C2 CompilerThread1" daemon [_thread_blocked, id=10892, stack(0x0000001c8a300000,0x0000001c8a400000)]
  0x00000147cf8c1000 JavaThread "C2 CompilerThread2" daemon [_thread_blocked, id=23072, stack(0x0000001c8ab00000,0x0000001c8ac00000)]

Other Threads:
=>0x00000147cd0e0800 VMThread "VM Thread" [stack: 0x0000001c89800000,0x0000001c89900000] [id=8360]
  0x00000147cdb6e000 WatcherThread [stack: 0x0000001c8a100000,0x0000001c8a200000] [id=12496]
  0x00000147ad594800 GCTaskThread "GC Thread#0" [stack: 0x0000001c89300000,0x0000001c89400000] [id=25768]
  0x00000147ce36d800 GCTaskThread "GC Thread#1" [stack: 0x0000001c8a400000,0x0000001c8a500000] [id=26268]
  0x00000147ce3a5800 GCTaskThread "GC Thread#2" [stack: 0x0000001c8a500000,0x0000001c8a600000] [id=27532]
  0x00000147ce3a6800 GCTaskThread "GC Thread#3" [stack: 0x0000001c8a600000,0x0000001c8a700000] [id=10168]
  0x00000147ce3a7000 GCTaskThread "GC Thread#4" [stack: 0x0000001c8a700000,0x0000001c8a800000] [id=21448]
  0x00000147ce377000 GCTaskThread "GC Thread#5" [stack: 0x0000001c8a800000,0x0000001c8a900000] [id=27512]
  0x00000147cdb20800 GCTaskThread "GC Thread#6" [stack: 0x0000001c8b500000,0x0000001c8b600000] [id=18076]
  0x00000147ad5f3800 ConcurrentGCThread "G1 Main Marker" [stack: 0x0000001c89400000,0x0000001c89500000] [id=26408]
  0x00000147ad5f5000 ConcurrentGCThread "G1 Conc#0" [stack: 0x0000001c89500000,0x0000001c89600000] [id=18816]
  0x00000147ce37d000 ConcurrentGCThread "G1 Conc#1" [stack: 0x0000001c8a900000,0x0000001c8aa00000] [id=20044]
  0x00000147ced11000 ConcurrentGCThread "G1 Conc#2" [stack: 0x0000001c8aa00000,0x0000001c8ab00000] [id=1320]
  0x00000147ccfbb000 ConcurrentGCThread "G1 Refine#0" [stack: 0x0000001c89600000,0x0000001c89700000] [id=27188]
  0x00000147ced7f800 ConcurrentGCThread "G1 Refine#1" [stack: 0x0000001c8ac00000,0x0000001c8ad00000] [id=27152]
  0x00000147ceccd000 ConcurrentGCThread "G1 Refine#2" [stack: 0x0000001c8ad00000,0x0000001c8ae00000] [id=26920]
  0x00000147ced08000 ConcurrentGCThread "G1 Refine#3" [stack: 0x0000001c8ae00000,0x0000001c8af00000] [id=25700]
  0x00000147d31d6800 ConcurrentGCThread "G1 Refine#4" [stack: 0x0000001c8af00000,0x0000001c8b000000] [id=18644]
  0x00000147d2c16800 ConcurrentGCThread "G1 Refine#5" [stack: 0x0000001c8b000000,0x0000001c8b100000] [id=18148]
  0x00000147d3b77800 ConcurrentGCThread "G1 Refine#6" [stack: 0x0000001c8b100000,0x0000001c8b200000] [id=11512]
  0x00000147d2d92800 ConcurrentGCThread "G1 Refine#7" [stack: 0x0000001c8b200000,0x0000001c8b300000] [id=27368]
  0x00000147d2ee4000 ConcurrentGCThread "G1 Refine#8" [stack: 0x0000001c8b300000,0x0000001c8b400000] [id=9996]
  0x00000147d3b11800 ConcurrentGCThread "G1 Refine#9" [stack: 0x0000001c8b400000,0x0000001c8b500000] [id=23284]
  0x00000147ccfbc000 ConcurrentGCThread "G1 Young RemSet Sampling" [stack: 0x0000001c89700000,0x0000001c89800000] [id=12868]

Threads with active compile tasks:

VM state:at safepoint (normal execution)

VM Mutex/Monitor currently owned by a thread:  ([mutex/lock_event])
[0x00000147ad57ab30] Threads_lock - owner thread: 0x00000147cd0e0800
[0x00000147ad57a860] Heap_lock - owner thread: 0x00000147ad57d800

Heap address: 0x0000000703e00000, size: 4034 MB, Compressed Oops mode: Zero based, Oop shift amount: 3
Narrow klass base: 0x0000000800000000, Narrow klass shift: 0
Compressed class space size: 1073741824 Address: 0x0000000800000000

Heap:
 garbage-first heap   total 548864K, used 197120K [0x0000000703e00000, 0x0000000800000000)
  region size 1024K, 4 young (4096K), 4 survivors (4096K)
 Metaspace       used 43806K, capacity 44322K, committed 44624K, reserved 1089536K
  class space    used 5168K, capacity 5374K, committed 5376K, reserved 1048576K
Heap Regions: E=young(eden), S=young(survivor), O=old, HS=humongous(starts), HC=humongous(continues), CS=collection set, F=free, A=archive, TAMS=top-at-mark-start (previous, next)
|   0|0x0000000703e00000, 0x0000000703f00000, 0x0000000703f00000|100%|HS|  |TAMS 0x0000000703f00000, 0x0000000703f00000| Complete 
|   1|0x0000000703f00000, 0x0000000704000000, 0x0000000704000000|100%|HC|  |TAMS 0x0000000704000000, 0x0000000704000000| Complete 
|   2|0x0000000704000000, 0x0000000704100000, 0x0000000704100000|100%|HC|  |TAMS 0x0000000704100000, 0x0000000704100000| Complete 
|   3|0x0000000704100000, 0x0000000704200000, 0x0000000704200000|100%|HS|  |TAMS 0x0000000704200000, 0x0000000704200000| Complete 
|   4|0x0000000704200000, 0x0000000704300000, 0x0000000704300000|100%|HC|  |TAMS 0x0000000704300000, 0x0000000704300000| Complete 
|   5|0x0000000704300000, 0x0000000704400000, 0x0000000704400000|100%|HC|  |TAMS 0x0000000704400000, 0x0000000704400000| Complete 
|   6|0x0000000704400000, 0x0000000704500000, 0x0000000704500000|100%| O|  |TAMS 0x0000000704500000, 0x0000000704500000| Untracked 
|   7|0x0000000704500000, 0x0000000704600000, 0x0000000704600000|100%| O|  |TAMS 0x0000000704600000, 0x0000000704600000| Untracked 
|   8|0x0000000704600000, 0x0000000704700000, 0x0000000704700000|100%| O|  |TAMS 0x0000000704700000, 0x0000000704700000| Untracked 
|   9|0x0000000704700000, 0x0000000704800000, 0x0000000704800000|100%| O|  |TAMS 0x0000000704800000, 0x0000000704800000| Untracked 
|  10|0x0000000704800000, 0x0000000704900000, 0x0000000704900000|100%| O|  |TAMS 0x0000000704900000, 0x0000000704900000| Untracked 
|  11|0x0000000704900000, 0x0000000704a00000, 0x0000000704a00000|100%| O|  |TAMS 0x0000000704a00000, 0x0000000704a00000| Untracked 
|  12|0x0000000704a00000, 0x0000000704b00000, 0x0000000704b00000|100%| O|  |TAMS 0x0000000704b00000, 0x0000000704b00000| Untracked 
|  13|0x0000000704b00000, 0x0000000704c00000, 0x0000000704c00000|100%| O|  |TAMS 0x0000000704c00000, 0x0000000704c00000| Untracked 
|  14|0x0000000704c00000, 0x0000000704d00000, 0x0000000704d00000|100%| O|  |TAMS 0x0000000704d00000, 0x0000000704d00000| Untracked 
|  15|0x0000000704d00000, 0x0000000704e00000, 0x0000000704e00000|100%| O|  |TAMS 0x0000000704e00000, 0x0000000704e00000| Untracked 
|  16|0x0000000704e00000, 0x0000000704f00000, 0x0000000704f00000|100%|HS|  |TAMS 0x0000000704f00000, 0x0000000704f00000| Complete 
|  17|0x0000000704f00000, 0x0000000705000000, 0x0000000705000000|100%|HC|  |TAMS 0x0000000705000000, 0x0000000705000000| Complete 
|  18|0x0000000705000000, 0x0000000705100000, 0x0000000705100000|100%| O|  |TAMS 0x0000000705100000, 0x0000000705100000| Untracked 
|  19|0x0000000705100000, 0x0000000705200000, 0x0000000705200000|100%| O|  |TAMS 0x0000000705200000, 0x0000000705200000| Untracked 
|  20|0x0000000705200000, 0x0000000705300000, 0x0000000705300000|100%| O|  |TAMS 0x0000000705300000, 0x0000000705300000| Untracked 
|  21|0x0000000705300000, 0x0000000705400000, 0x0000000705400000|100%| O|  |TAMS 0x0000000705400000, 0x0000000705400000| Untracked 
|  22|0x0000000705400000, 0x0000000705500000, 0x0000000705500000|100%|HS|  |TAMS 0x0000000705500000, 0x0000000705500000| Complete 
|  23|0x0000000705500000, 0x0000000705600000, 0x0000000705600000|100%|HC|  |TAMS 0x0000000705600000, 0x0000000705600000| Complete 
|  24|0x0000000705600000, 0x0000000705700000, 0x0000000705700000|100%|HC|  |TAMS 0x0000000705700000, 0x0000000705700000| Complete 
|  25|0x0000000705700000, 0x0000000705800000, 0x0000000705800000|100%|HC|  |TAMS 0x0000000705800000, 0x0000000705800000| Complete 
|  26|0x0000000705800000, 0x0000000705900000, 0x0000000705900000|100%|HC|  |TAMS 0x0000000705900000, 0x0000000705900000| Complete 
|  27|0x0000000705900000, 0x0000000705a00000, 0x0000000705a00000|100%|HC|  |TAMS 0x0000000705a00000, 0x0000000705a00000| Complete 
|  28|0x0000000705a00000, 0x0000000705b00000, 0x0000000705b00000|100%|HC|  |TAMS 0x0000000705b00000, 0x0000000705b00000| Complete 
|  29|0x0000000705b00000, 0x0000000705c00000, 0x0000000705c00000|100%|HC|  |TAMS 0x0000000705c00000, 0x0000000705c00000| Complete 
|  30|0x0000000705c00000, 0x0000000705d00000, 0x0000000705d00000|100%|HC|  |TAMS 0x0000000705d00000, 0x0000000705d00000| Complete 
|  31|0x0000000705d00000, 0x0000000705e00000, 0x0000000705e00000|100%|HS|  |TAMS 0x0000000705e00000, 0x0000000705e00000| Complete 
|  32|0x0000000705e00000, 0x0000000705f00000, 0x0000000705f00000|100%|HC|  |TAMS 0x0000000705f00000, 0x0000000705f00000| Complete 
|  33|0x0000000705f00000, 0x0000000706000000, 0x0000000706000000|100%|HC|  |TAMS 0x0000000706000000, 0x0000000706000000| Complete 
|  34|0x0000000706000000, 0x0000000706100000, 0x0000000706100000|100%|HC|  |TAMS 0x0000000706100000, 0x0000000706100000| Complete 
|  35|0x0000000706100000, 0x0000000706200000, 0x0000000706200000|100%|HC|  |TAMS 0x0000000706200000, 0x0000000706200000| Complete 
|  36|0x0000000706200000, 0x0000000706300000, 0x0000000706300000|100%|HC|  |TAMS 0x0000000706300000, 0x0000000706300000| Complete 
|  37|0x0000000706300000, 0x0000000706400000, 0x0000000706400000|100%|HC|  |TAMS 0x0000000706400000, 0x0000000706400000| Complete 
|  38|0x0000000706400000, 0x0000000706500000, 0x0000000706500000|100%|HC|  |TAMS 0x0000000706500000, 0x0000000706500000| Complete 
|  39|0x0000000706500000, 0x0000000706600000, 0x0000000706600000|100%|HC|  |TAMS 0x0000000706600000, 0x0000000706600000| Complete 
|  40|0x0000000706600000, 0x0000000706700000, 0x0000000706700000|100%| O|  |TAMS 0x0000000706600000, 0x0000000706700000| Untracked 
|  41|0x0000000706700000, 0x0000000706800000, 0x0000000706800000|100%| O|  |TAMS 0x0000000706800000, 0x0000000706800000| Untracked 
|  42|0x0000000706800000, 0x0000000706900000, 0x0000000706900000|100%| O|  |TAMS 0x0000000706900000, 0x0000000706900000| Untracked 
|  43|0x0000000706900000, 0x0000000706a00000, 0x0000000706a00000|100%| O|  |TAMS 0x0000000706900000, 0x0000000706a00000| Untracked 
|  44|0x0000000706a00000, 0x0000000706b00000, 0x0000000706b00000|100%| O|  |TAMS 0x0000000706b00000, 0x0000000706b00000| Untracked 
|  45|0x0000000706b00000, 0x0000000706c00000, 0x0000000706c00000|100%| O|  |TAMS 0x0000000706c00000, 0x0000000706c00000| Untracked 
|  46|0x0000000706c00000, 0x0000000706d00000, 0x0000000706d00000|100%| O|  |TAMS 0x0000000706d00000, 0x0000000706d00000| Untracked 
|  47|0x0000000706d00000, 0x0000000706e00000, 0x0000000706e00000|100%| O|  |TAMS 0x0000000706d00000, 0x0000000706e00000| Untracked 
|  48|0x0000000706e00000, 0x0000000706f00000, 0x0000000706f00000|100%| O|  |TAMS 0x0000000706e00000, 0x0000000706f00000| Untracked 
|  49|0x0000000706f00000, 0x0000000707000000, 0x0000000707000000|100%| O|  |TAMS 0x0000000707000000, 0x0000000707000000| Untracked 
|  50|0x0000000707000000, 0x0000000707100000, 0x0000000707100000|100%| O|  |TAMS 0x0000000707100000, 0x0000000707100000| Untracked 
|  51|0x0000000707100000, 0x0000000707200000, 0x0000000707200000|100%| O|  |TAMS 0x0000000707200000, 0x0000000707200000| Untracked 
|  52|0x0000000707200000, 0x0000000707300000, 0x0000000707300000|100%| O|  |TAMS 0x0000000707200000, 0x0000000707300000| Untracked 
|  53|0x0000000707300000, 0x0000000707400000, 0x0000000707400000|100%| O|  |TAMS 0x0000000707300000, 0x0000000707400000| Untracked 
|  54|0x0000000707400000, 0x0000000707500000, 0x0000000707500000|100%| O|  |TAMS 0x0000000707400000, 0x0000000707500000| Untracked 
|  55|0x0000000707500000, 0x0000000707600000, 0x0000000707600000|100%| O|  |TAMS 0x0000000707500000, 0x0000000707600000| Untracked 
|  56|0x0000000707600000, 0x0000000707700000, 0x0000000707700000|100%| O|  |TAMS 0x0000000707600000, 0x0000000707700000| Untracked 
|  57|0x0000000707700000, 0x0000000707800000, 0x0000000707800000|100%| O|  |TAMS 0x0000000707700000, 0x0000000707800000| Untracked 
|  58|0x0000000707800000, 0x0000000707900000, 0x0000000707900000|100%| O|  |TAMS 0x0000000707800000, 0x0000000707900000| Untracked 
|  59|0x0000000707900000, 0x0000000707a00000, 0x0000000707a00000|100%| O|  |TAMS 0x0000000707900000, 0x0000000707a00000| Untracked 
|  60|0x0000000707a00000, 0x0000000707b00000, 0x0000000707b00000|100%|HS|  |TAMS 0x0000000707b00000, 0x0000000707b00000| Complete 
|  61|0x0000000707b00000, 0x0000000707c00000, 0x0000000707c00000|100%|HC|  |TAMS 0x0000000707c00000, 0x0000000707c00000| Complete 
|  62|0x0000000707c00000, 0x0000000707d00000, 0x0000000707d00000|100%|HC|  |TAMS 0x0000000707d00000, 0x0000000707d00000| Complete 
|  63|0x0000000707d00000, 0x0000000707e00000, 0x0000000707e00000|100%|HC|  |TAMS 0x0000000707e00000, 0x0000000707e00000| Complete 
|  64|0x0000000707e00000, 0x0000000707f00000, 0x0000000707f00000|100%|HC|  |TAMS 0x0000000707f00000, 0x0000000707f00000| Complete 
|  65|0x0000000707f00000, 0x0000000708000000, 0x0000000708000000|100%|HC|  |TAMS 0x0000000708000000, 0x0000000708000000| Complete 
|  66|0x0000000708000000, 0x0000000708100000, 0x0000000708100000|100%|HC|  |TAMS 0x0000000708100000, 0x0000000708100000| Complete 
|  67|0x0000000708100000, 0x0000000708200000, 0x0000000708200000|100%|HC|  |TAMS 0x0000000708200000, 0x0000000708200000| Complete 
|  68|0x0000000708200000, 0x0000000708300000, 0x0000000708300000|100%|HC|  |TAMS 0x0000000708300000, 0x0000000708300000| Complete 
|  69|0x0000000708300000, 0x0000000708400000, 0x0000000708400000|100%|HC|  |TAMS 0x0000000708400000, 0x0000000708400000| Complete 
|  70|0x0000000708400000, 0x0000000708500000, 0x0000000708500000|100%|HC|  |TAMS 0x0000000708500000, 0x0000000708500000| Complete 
|  71|0x0000000708500000, 0x0000000708600000, 0x0000000708600000|100%|HC|  |TAMS 0x0000000708600000, 0x0000000708600000| Complete 
|  72|0x0000000708600000, 0x0000000708700000, 0x0000000708700000|100%|HC|  |TAMS 0x0000000708700000, 0x0000000708700000| Complete 
|  73|0x0000000708700000, 0x0000000708800000, 0x0000000708800000|100%|HC|  |TAMS 0x0000000708800000, 0x0000000708800000| Complete 
|  74|0x0000000708800000, 0x0000000708900000, 0x0000000708900000|100%|HC|  |TAMS 0x0000000708900000, 0x0000000708900000| Complete 
|  75|0x0000000708900000, 0x0000000708a00000, 0x0000000708a00000|100%|HC|  |TAMS 0x0000000708a00000, 0x0000000708a00000| Complete 
|  76|0x0000000708a00000, 0x0000000708b00000, 0x0000000708b00000|100%|HC|  |TAMS 0x0000000708b00000, 0x0000000708b00000| Complete 
|  77|0x0000000708b00000, 0x0000000708c00000, 0x0000000708c00000|100%|HC|  |TAMS 0x0000000708c00000, 0x0000000708c00000| Complete 
|  78|0x0000000708c00000, 0x0000000708d00000, 0x0000000708d00000|100%|HC|  |TAMS 0x0000000708d00000, 0x0000000708d00000| Complete 
|  79|0x0000000708d00000, 0x0000000708e00000, 0x0000000708e00000|100%|HC|  |TAMS 0x0000000708e00000, 0x0000000708e00000| Complete 
|  80|0x0000000708e00000, 0x0000000708f00000, 0x0000000708f00000|100%|HC|  |TAMS 0x0000000708f00000, 0x0000000708f00000| Complete 
|  81|0x0000000708f00000, 0x0000000709000000, 0x0000000709000000|100%|HC|  |TAMS 0x0000000709000000, 0x0000000709000000| Complete 
|  82|0x0000000709000000, 0x0000000709100000, 0x0000000709100000|100%| O|  |TAMS 0x0000000709000000, 0x0000000709100000| Untracked 
|  83|0x0000000709100000, 0x0000000709200000, 0x0000000709200000|100%| O|  |TAMS 0x0000000709100000, 0x0000000709200000| Untracked 
|  84|0x0000000709200000, 0x0000000709300000, 0x0000000709300000|100%| O|  |TAMS 0x0000000709200000, 0x0000000709300000| Untracked 
|  85|0x0000000709300000, 0x0000000709400000, 0x0000000709400000|100%| O|  |TAMS 0x0000000709300000, 0x0000000709400000| Untracked 
|  86|0x0000000709400000, 0x0000000709500000, 0x0000000709500000|100%| O|  |TAMS 0x0000000709400000, 0x0000000709500000| Untracked 
|  87|0x0000000709500000, 0x0000000709600000, 0x0000000709600000|100%| O|  |TAMS 0x0000000709500000, 0x0000000709600000| Untracked 
|  88|0x0000000709600000, 0x0000000709700000, 0x0000000709700000|100%| O|  |TAMS 0x0000000709600000, 0x0000000709700000| Untracked 
|  89|0x0000000709700000, 0x0000000709800000, 0x0000000709800000|100%| O|  |TAMS 0x0000000709700000, 0x0000000709800000| Untracked 
|  90|0x0000000709800000, 0x0000000709900000, 0x0000000709900000|100%| O|  |TAMS 0x0000000709800000, 0x0000000709900000| Untracked 
|  91|0x0000000709900000, 0x0000000709a00000, 0x0000000709a00000|100%| O|  |TAMS 0x0000000709900000, 0x0000000709a00000| Untracked 
|  92|0x0000000709a00000, 0x0000000709b00000, 0x0000000709b00000|100%| O|  |TAMS 0x0000000709a00000, 0x0000000709b00000| Untracked 
|  93|0x0000000709b00000, 0x0000000709c00000, 0x0000000709c00000|100%| O|  |TAMS 0x0000000709b00000, 0x0000000709c00000| Untracked 
|  94|0x0000000709c00000, 0x0000000709d00000, 0x0000000709d00000|100%| O|  |TAMS 0x0000000709c00000, 0x0000000709d00000| Untracked 
|  95|0x0000000709d00000, 0x0000000709e00000, 0x0000000709e00000|100%|HS|  |TAMS 0x0000000709e00000, 0x0000000709e00000| Complete 
|  96|0x0000000709e00000, 0x0000000709f00000, 0x0000000709f00000|100%|HC|  |TAMS 0x0000000709f00000, 0x0000000709f00000| Complete 
|  97|0x0000000709f00000, 0x000000070a000000, 0x000000070a000000|100%|HC|  |TAMS 0x000000070a000000, 0x000000070a000000| Complete 
|  98|0x000000070a000000, 0x000000070a100000, 0x000000070a100000|100%|HC|  |TAMS 0x000000070a100000, 0x000000070a100000| Complete 
|  99|0x000000070a100000, 0x000000070a200000, 0x000000070a200000|100%|HC|  |TAMS 0x000000070a200000, 0x000000070a200000| Complete 
| 100|0x000000070a200000, 0x000000070a300000, 0x000000070a300000|100%| O|  |TAMS 0x000000070a300000, 0x000000070a300000| Untracked 
| 101|0x000000070a300000, 0x000000070a400000, 0x000000070a400000|100%| O|  |TAMS 0x000000070a400000, 0x000000070a400000| Untracked 
| 102|0x000000070a400000, 0x000000070a500000, 0x000000070a500000|100%| O|  |TAMS 0x000000070a500000, 0x000000070a500000| Untracked 
| 103|0x000000070a500000, 0x000000070a600000, 0x000000070a600000|100%| O|  |TAMS 0x000000070a600000, 0x000000070a600000| Untracked 
| 104|0x000000070a600000, 0x000000070a700000, 0x000000070a700000|100%| O|  |TAMS 0x000000070a700000, 0x000000070a700000| Untracked 
| 105|0x000000070a700000, 0x000000070a800000, 0x000000070a800000|100%| O|  |TAMS 0x000000070a800000, 0x000000070a800000| Untracked 
| 106|0x000000070a800000, 0x000000070a900000, 0x000000070a900000|100%| O|  |TAMS 0x000000070a900000, 0x000000070a900000| Untracked 
| 107|0x000000070a900000, 0x000000070aa00000, 0x000000070aa00000|100%| O|  |TAMS 0x000000070aa00000, 0x000000070aa00000| Untracked 
| 108|0x000000070aa00000, 0x000000070ab00000, 0x000000070ab00000|100%| O|  |TAMS 0x000000070ab00000, 0x000000070ab00000| Untracked 
| 109|0x000000070ab00000, 0x000000070ac00000, 0x000000070ac00000|100%| O|  |TAMS 0x000000070ac00000, 0x000000070ac00000| Untracked 
| 110|0x000000070ac00000, 0x000000070ad00000, 0x000000070ad00000|100%| O|  |TAMS 0x000000070ad00000, 0x000000070ad00000| Untracked 
| 111|0x000000070ad00000, 0x000000070ae00000, 0x000000070ae00000|100%| O|  |TAMS 0x000000070ae00000, 0x000000070ae00000| Untracked 
| 112|0x000000070ae00000, 0x000000070af00000, 0x000000070af00000|100%| O|  |TAMS 0x000000070af00000, 0x000000070af00000| Untracked 
| 113|0x000000070af00000, 0x000000070b000000, 0x000000070b000000|100%| O|  |TAMS 0x000000070b000000, 0x000000070b000000| Untracked 
| 114|0x000000070b000000, 0x000000070b100000, 0x000000070b100000|100%| O|  |TAMS 0x000000070b100000, 0x000000070b100000| Untracked 
| 115|0x000000070b100000, 0x000000070b200000, 0x000000070b200000|100%| O|  |TAMS 0x000000070b200000, 0x000000070b200000| Untracked 
| 116|0x000000070b200000, 0x000000070b300000, 0x000000070b300000|100%| O|  |TAMS 0x000000070b300000, 0x000000070b300000| Untracked 
| 117|0x000000070b300000, 0x000000070b400000, 0x000000070b400000|100%| O|  |TAMS 0x000000070b400000, 0x000000070b400000| Untracked 
| 118|0x000000070b400000, 0x000000070b500000, 0x000000070b500000|100%| O|  |TAMS 0x000000070b500000, 0x000000070b500000| Untracked 
| 119|0x000000070b500000, 0x000000070b600000, 0x000000070b600000|100%| O|  |TAMS 0x000000070b600000, 0x000000070b600000| Untracked 
| 120|0x000000070b600000, 0x000000070b700000, 0x000000070b700000|100%| O|  |TAMS 0x000000070b700000, 0x000000070b700000| Untracked 
| 121|0x000000070b700000, 0x000000070b800000, 0x000000070b800000|100%| O|  |TAMS 0x000000070b800000, 0x000000070b800000| Untracked 
| 122|0x000000070b800000, 0x000000070b900000, 0x000000070b900000|100%| O|  |TAMS 0x000000070b900000, 0x000000070b900000| Untracked 
| 123|0x000000070b900000, 0x000000070ba00000, 0x000000070ba00000|100%| O|  |TAMS 0x000000070ba00000, 0x000000070ba00000| Untracked 
| 124|0x000000070ba00000, 0x000000070bb00000, 0x000000070bb00000|100%| O|  |TAMS 0x000000070bb00000, 0x000000070bb00000| Untracked 
| 125|0x000000070bb00000, 0x000000070bc00000, 0x000000070bc00000|100%| O|  |TAMS 0x000000070bc00000, 0x000000070bc00000| Untracked 
| 126|0x000000070bc00000, 0x000000070bd00000, 0x000000070bd00000|100%| O|  |TAMS 0x000000070bd00000, 0x000000070bd00000| Untracked 
| 127|0x000000070bd00000, 0x000000070be00000, 0x000000070be00000|100%| O|  |TAMS 0x000000070be00000, 0x000000070be00000| Untracked 
| 128|0x000000070be00000, 0x000000070bf00000, 0x000000070bf00000|100%| O|  |TAMS 0x000000070bf00000, 0x000000070bf00000| Untracked 
| 129|0x000000070bf00000, 0x000000070c000000, 0x000000070c000000|100%| O|  |TAMS 0x000000070c000000, 0x000000070c000000| Untracked 
| 130|0x000000070c000000, 0x000000070c100000, 0x000000070c100000|100%| O|  |TAMS 0x000000070c100000, 0x000000070c100000| Untracked 
| 131|0x000000070c100000, 0x000000070c200000, 0x000000070c200000|100%| O|  |TAMS 0x000000070c200000, 0x000000070c200000| Untracked 
| 132|0x000000070c200000, 0x000000070c300000, 0x000000070c300000|100%| O|  |TAMS 0x000000070c300000, 0x000000070c300000| Untracked 
| 133|0x000000070c300000, 0x000000070c400000, 0x000000070c400000|100%| O|  |TAMS 0x000000070c400000, 0x000000070c400000| Untracked 
| 134|0x000000070c400000, 0x000000070c500000, 0x000000070c500000|100%| O|  |TAMS 0x000000070c500000, 0x000000070c500000| Untracked 
| 135|0x000000070c500000, 0x000000070c600000, 0x000000070c600000|100%| O|  |TAMS 0x000000070c600000, 0x000000070c600000| Untracked 
| 136|0x000000070c600000, 0x000000070c700000, 0x000000070c700000|100%| O|  |TAMS 0x000000070c700000, 0x000000070c700000| Untracked 
| 137|0x000000070c700000, 0x000000070c800000, 0x000000070c800000|100%| O|  |TAMS 0x000000070c800000, 0x000000070c800000| Untracked 
| 138|0x000000070c800000, 0x000000070c900000, 0x000000070c900000|100%| O|  |TAMS 0x000000070c900000, 0x000000070c900000| Untracked 
| 139|0x000000070c900000, 0x000000070ca00000, 0x000000070ca00000|100%| O|  |TAMS 0x000000070ca00000, 0x000000070ca00000| Untracked 
| 140|0x000000070ca00000, 0x000000070cb00000, 0x000000070cb00000|100%| O|  |TAMS 0x000000070cb00000, 0x000000070cb00000| Untracked 
| 141|0x000000070cb00000, 0x000000070cc00000, 0x000000070cc00000|100%| O|  |TAMS 0x000000070cc00000, 0x000000070cc00000| Untracked 
| 142|0x000000070cc00000, 0x000000070cd00000, 0x000000070cd00000|100%| O|  |TAMS 0x000000070cd00000, 0x000000070cd00000| Untracked 
| 143|0x000000070cd00000, 0x000000070ce00000, 0x000000070ce00000|100%| O|  |TAMS 0x000000070ce00000, 0x000000070ce00000| Untracked 
| 144|0x000000070ce00000, 0x000000070cf00000, 0x000000070cf00000|100%| O|  |TAMS 0x000000070cf00000, 0x000000070cf00000| Untracked 
| 145|0x000000070cf00000, 0x000000070d000000, 0x000000070d000000|100%|HS|  |TAMS 0x000000070cf00000, 0x000000070d000000| Complete 
| 146|0x000000070d000000, 0x000000070d100000, 0x000000070d100000|100%|HC|  |TAMS 0x000000070d000000, 0x000000070d100000| Complete 
| 147|0x000000070d100000, 0x000000070d200000, 0x000000070d200000|100%|HC|  |TAMS 0x000000070d100000, 0x000000070d200000| Complete 
| 148|0x000000070d200000, 0x000000070d300000, 0x000000070d300000|100%|HC|  |TAMS 0x000000070d200000, 0x000000070d300000| Complete 
| 149|0x000000070d300000, 0x000000070d400000, 0x000000070d400000|100%|HC|  |TAMS 0x000000070d300000, 0x000000070d400000| Complete 
| 150|0x000000070d400000, 0x000000070d500000, 0x000000070d500000|100%|HC|  |TAMS 0x000000070d400000, 0x000000070d500000| Complete 
| 151|0x000000070d500000, 0x000000070d600000, 0x000000070d600000|100%|HC|  |TAMS 0x000000070d500000, 0x000000070d600000| Complete 
| 152|0x000000070d600000, 0x000000070d700000, 0x000000070d700000|100%|HC|  |TAMS 0x000000070d600000, 0x000000070d700000| Complete 
| 153|0x000000070d700000, 0x000000070d800000, 0x000000070d800000|100%|HC|  |TAMS 0x000000070d700000, 0x000000070d800000| Complete 
| 154|0x000000070d800000, 0x000000070d900000, 0x000000070d900000|100%|HC|  |TAMS 0x000000070d800000, 0x000000070d900000| Complete 
| 155|0x000000070d900000, 0x000000070da00000, 0x000000070da00000|100%|HC|  |TAMS 0x000000070d900000, 0x000000070da00000| Complete 
| 156|0x000000070da00000, 0x000000070db00000, 0x000000070db00000|100%| O|  |TAMS 0x000000070da00000, 0x000000070db00000| Untracked 
| 157|0x000000070db00000, 0x000000070dc00000, 0x000000070dc00000|100%| O|  |TAMS 0x000000070db00000, 0x000000070dc00000| Untracked 
| 158|0x000000070dc00000, 0x000000070dd00000, 0x000000070dd00000|100%| O|  |TAMS 0x000000070dc00000, 0x000000070dd00000| Untracked 
| 159|0x000000070dd00000, 0x000000070de00000, 0x000000070de00000|100%| O|  |TAMS 0x000000070dd00000, 0x000000070de00000| Untracked 
| 160|0x000000070de00000, 0x000000070df00000, 0x000000070df00000|100%| O|  |TAMS 0x000000070de00000, 0x000000070df00000| Untracked 
| 161|0x000000070df00000, 0x000000070e000000, 0x000000070e000000|100%| O|  |TAMS 0x000000070df00000, 0x000000070e000000| Untracked 
| 162|0x000000070e000000, 0x000000070e100000, 0x000000070e100000|100%| O|  |TAMS 0x000000070e000000, 0x000000070e100000| Untracked 
| 163|0x000000070e100000, 0x000000070e200000, 0x000000070e200000|100%| O|  |TAMS 0x000000070e100000, 0x000000070e200000| Untracked 
| 164|0x000000070e200000, 0x000000070e300000, 0x000000070e300000|100%| O|  |TAMS 0x000000070e200000, 0x000000070e300000| Untracked 
| 165|0x000000070e300000, 0x000000070e400000, 0x000000070e400000|100%| O|  |TAMS 0x000000070e300000, 0x000000070e400000| Untracked 
| 166|0x000000070e400000, 0x000000070e500000, 0x000000070e500000|100%| O|  |TAMS 0x000000070e400000, 0x000000070e500000| Untracked 
| 167|0x000000070e500000, 0x000000070e600000, 0x000000070e600000|100%| O|  |TAMS 0x000000070e500000, 0x000000070e5ac600| Untracked 
| 168|0x000000070e600000, 0x000000070e700000, 0x000000070e700000|100%| O|  |TAMS 0x000000070e600000, 0x000000070e600000| Untracked 
| 169|0x000000070e700000, 0x000000070e800000, 0x000000070e800000|100%| O|  |TAMS 0x000000070e700000, 0x000000070e700000| Untracked 
| 170|0x000000070e800000, 0x000000070e900000, 0x000000070e900000|100%| O|  |TAMS 0x000000070e800000, 0x000000070e800000| Untracked 
| 171|0x000000070e900000, 0x000000070ea00000, 0x000000070ea00000|100%| O|  |TAMS 0x000000070e900000, 0x000000070e900000| Untracked 
| 172|0x000000070ea00000, 0x000000070eb00000, 0x000000070eb00000|100%| O|  |TAMS 0x000000070ea00000, 0x000000070ea00000| Untracked 
| 173|0x000000070eb00000, 0x000000070ec00000, 0x000000070ec00000|100%| O|  |TAMS 0x000000070eb00000, 0x000000070eb00000| Untracked 
| 174|0x000000070ec00000, 0x000000070ed00000, 0x000000070ed00000|100%| O|  |TAMS 0x000000070ec00000, 0x000000070ec00000| Untracked 
| 175|0x000000070ed00000, 0x000000070ee00000, 0x000000070ee00000|100%| O|  |TAMS 0x000000070ed00000, 0x000000070ed00000| Untracked 
| 176|0x000000070ee00000, 0x000000070ef00000, 0x000000070ef00000|100%| O|  |TAMS 0x000000070ee00000, 0x000000070ee00000| Untracked 
| 177|0x000000070ef00000, 0x000000070f000000, 0x000000070f000000|100%| O|  |TAMS 0x000000070ef00000, 0x000000070ef00000| Untracked 
| 178|0x000000070f000000, 0x000000070f100000, 0x000000070f100000|100%| O|  |TAMS 0x000000070f000000, 0x000000070f000000| Untracked 
| 179|0x000000070f100000, 0x000000070f200000, 0x000000070f200000|100%| O|  |TAMS 0x000000070f100000, 0x000000070f100000| Untracked 
| 180|0x000000070f200000, 0x000000070f300000, 0x000000070f300000|100%| O|  |TAMS 0x000000070f200000, 0x000000070f200000| Untracked 
| 181|0x000000070f300000, 0x000000070f400000, 0x000000070f400000|100%| O|  |TAMS 0x000000070f300000, 0x000000070f300000| Untracked 
| 182|0x000000070f400000, 0x000000070f500000, 0x000000070f500000|100%| O|  |TAMS 0x000000070f400000, 0x000000070f400000| Untracked 
| 183|0x000000070f500000, 0x000000070f600000, 0x000000070f600000|100%| O|  |TAMS 0x000000070f500000, 0x000000070f500000| Untracked 
| 184|0x000000070f600000, 0x000000070f700000, 0x000000070f700000|100%| O|  |TAMS 0x000000070f600000, 0x000000070f600000| Untracked 
| 185|0x000000070f700000, 0x000000070f800000, 0x000000070f800000|100%| O|  |TAMS 0x000000070f700000, 0x000000070f700000| Untracked 
| 186|0x000000070f800000, 0x000000070f900000, 0x000000070f900000|100%| O|  |TAMS 0x000000070f800000, 0x000000070f800000| Untracked 
| 187|0x000000070f900000, 0x000000070fa00000, 0x000000070fa00000|100%| O|  |TAMS 0x000000070f900000, 0x000000070f900000| Untracked 
| 188|0x000000070fa00000, 0x000000070fa80000, 0x000000070fb00000| 50%| O|  |TAMS 0x000000070fa00000, 0x000000070fa00000| Untracked 
| 189|0x000000070fb00000, 0x000000070fb00000, 0x000000070fc00000|  0%| F|  |TAMS 0x000000070fb00000, 0x000000070fb00000| Untracked 
| 190|0x000000070fc00000, 0x000000070fc00000, 0x000000070fd00000|  0%| F|  |TAMS 0x000000070fc00000, 0x000000070fc00000| Untracked 
| 191|0x000000070fd00000, 0x000000070fd00000, 0x000000070fe00000|  0%| F|  |TAMS 0x000000070fd00000, 0x000000070fd00000| Untracked 
| 192|0x000000070fe00000, 0x000000070fe00000, 0x000000070ff00000|  0%| F|  |TAMS 0x000000070fe00000, 0x000000070fe00000| Untracked 
| 193|0x000000070ff00000, 0x000000070ff00000, 0x0000000710000000|  0%| F|  |TAMS 0x000000070ff00000, 0x000000070ff00000| Untracked 
| 194|0x0000000710000000, 0x0000000710000000, 0x0000000710100000|  0%| F|  |TAMS 0x0000000710000000, 0x0000000710000000| Untracked 
| 195|0x0000000710100000, 0x0000000710100000, 0x0000000710200000|  0%| F|  |TAMS 0x0000000710100000, 0x0000000710100000| Untracked 
| 196|0x0000000710200000, 0x0000000710200000, 0x0000000710300000|  0%| F|  |TAMS 0x0000000710200000, 0x0000000710200000| Untracked 
| 197|0x0000000710300000, 0x0000000710300000, 0x0000000710400000|  0%| F|  |TAMS 0x0000000710300000, 0x0000000710300000| Untracked 
| 198|0x0000000710400000, 0x0000000710400000, 0x0000000710500000|  0%| F|  |TAMS 0x0000000710400000, 0x0000000710400000| Untracked 
| 199|0x0000000710500000, 0x0000000710500000, 0x0000000710600000|  0%| F|  |TAMS 0x0000000710500000, 0x0000000710500000| Untracked 
| 200|0x0000000710600000, 0x0000000710600000, 0x0000000710700000|  0%| F|  |TAMS 0x0000000710600000, 0x0000000710600000| Untracked 
| 201|0x0000000710700000, 0x0000000710700000, 0x0000000710800000|  0%| F|  |TAMS 0x0000000710700000, 0x0000000710700000| Untracked 
| 202|0x0000000710800000, 0x0000000710800000, 0x0000000710900000|  0%| F|  |TAMS 0x0000000710800000, 0x0000000710800000| Untracked 
| 203|0x0000000710900000, 0x0000000710900000, 0x0000000710a00000|  0%| F|  |TAMS 0x0000000710900000, 0x0000000710900000| Untracked 
| 204|0x0000000710a00000, 0x0000000710a00000, 0x0000000710b00000|  0%| F|  |TAMS 0x0000000710a00000, 0x0000000710a00000| Untracked 
| 205|0x0000000710b00000, 0x0000000710b00000, 0x0000000710c00000|  0%| F|  |TAMS 0x0000000710b00000, 0x0000000710b00000| Untracked 
| 206|0x0000000710c00000, 0x0000000710c00000, 0x0000000710d00000|  0%| F|  |TAMS 0x0000000710c00000, 0x0000000710c00000| Untracked 
| 207|0x0000000710d00000, 0x0000000710d00000, 0x0000000710e00000|  0%| F|  |TAMS 0x0000000710d00000, 0x0000000710d00000| Untracked 
| 208|0x0000000710e00000, 0x0000000710e00000, 0x0000000710f00000|  0%| F|  |TAMS 0x0000000710e00000, 0x0000000710e00000| Untracked 
| 209|0x0000000710f00000, 0x0000000710f00000, 0x0000000711000000|  0%| F|  |TAMS 0x0000000710f00000, 0x0000000710f00000| Untracked 
| 210|0x0000000711000000, 0x0000000711000000, 0x0000000711100000|  0%| F|  |TAMS 0x0000000711000000, 0x0000000711000000| Untracked 
| 211|0x0000000711100000, 0x0000000711100000, 0x0000000711200000|  0%| F|  |TAMS 0x0000000711100000, 0x0000000711100000| Untracked 
| 212|0x0000000711200000, 0x0000000711200000, 0x0000000711300000|  0%| F|  |TAMS 0x0000000711200000, 0x0000000711200000| Untracked 
| 213|0x0000000711300000, 0x0000000711300000, 0x0000000711400000|  0%| F|  |TAMS 0x0000000711300000, 0x0000000711300000| Untracked 
| 214|0x0000000711400000, 0x0000000711400000, 0x0000000711500000|  0%| F|  |TAMS 0x0000000711400000, 0x0000000711400000| Untracked 
| 215|0x0000000711500000, 0x0000000711500000, 0x0000000711600000|  0%| F|  |TAMS 0x0000000711500000, 0x0000000711500000| Untracked 
| 216|0x0000000711600000, 0x0000000711600000, 0x0000000711700000|  0%| F|  |TAMS 0x0000000711600000, 0x0000000711600000| Untracked 
| 217|0x0000000711700000, 0x0000000711700000, 0x0000000711800000|  0%| F|  |TAMS 0x0000000711700000, 0x0000000711700000| Untracked 
| 218|0x0000000711800000, 0x0000000711800000, 0x0000000711900000|  0%| F|  |TAMS 0x0000000711800000, 0x0000000711800000| Untracked 
| 219|0x0000000711900000, 0x0000000711900000, 0x0000000711a00000|  0%| F|  |TAMS 0x0000000711900000, 0x0000000711900000| Untracked 
| 220|0x0000000711a00000, 0x0000000711a00000, 0x0000000711b00000|  0%| F|  |TAMS 0x0000000711a00000, 0x0000000711a00000| Untracked 
| 221|0x0000000711b00000, 0x0000000711b00000, 0x0000000711c00000|  0%| F|  |TAMS 0x0000000711b00000, 0x0000000711b00000| Untracked 
| 222|0x0000000711c00000, 0x0000000711c00000, 0x0000000711d00000|  0%| F|  |TAMS 0x0000000711c00000, 0x0000000711c00000| Untracked 
| 223|0x0000000711d00000, 0x0000000711d00000, 0x0000000711e00000|  0%| F|  |TAMS 0x0000000711d00000, 0x0000000711d00000| Untracked 
| 224|0x0000000711e00000, 0x0000000711e00000, 0x0000000711f00000|  0%| F|  |TAMS 0x0000000711e00000, 0x0000000711e00000| Untracked 
| 225|0x0000000711f00000, 0x0000000711f00000, 0x0000000712000000|  0%| F|  |TAMS 0x0000000711f00000, 0x0000000711f00000| Untracked 
| 226|0x0000000712000000, 0x0000000712000000, 0x0000000712100000|  0%| F|  |TAMS 0x0000000712000000, 0x0000000712000000| Untracked 
| 227|0x0000000712100000, 0x0000000712100000, 0x0000000712200000|  0%| F|  |TAMS 0x0000000712100000, 0x0000000712100000| Untracked 
| 228|0x0000000712200000, 0x0000000712200000, 0x0000000712300000|  0%| F|  |TAMS 0x0000000712200000, 0x0000000712200000| Untracked 
| 229|0x0000000712300000, 0x0000000712300000, 0x0000000712400000|  0%| F|  |TAMS 0x0000000712300000, 0x0000000712300000| Untracked 
| 230|0x0000000712400000, 0x0000000712400000, 0x0000000712500000|  0%| F|  |TAMS 0x0000000712400000, 0x0000000712400000| Untracked 
| 231|0x0000000712500000, 0x0000000712500000, 0x0000000712600000|  0%| F|  |TAMS 0x0000000712500000, 0x0000000712500000| Untracked 
| 232|0x0000000712600000, 0x0000000712600000, 0x0000000712700000|  0%| F|  |TAMS 0x0000000712600000, 0x0000000712600000| Untracked 
| 233|0x0000000712700000, 0x0000000712700000, 0x0000000712800000|  0%| F|  |TAMS 0x0000000712700000, 0x0000000712700000| Untracked 
| 234|0x0000000712800000, 0x0000000712800000, 0x0000000712900000|  0%| F|  |TAMS 0x0000000712800000, 0x0000000712800000| Untracked 
| 235|0x0000000712900000, 0x0000000712900000, 0x0000000712a00000|  0%| F|  |TAMS 0x0000000712900000, 0x0000000712900000| Untracked 
| 236|0x0000000712a00000, 0x0000000712a00000, 0x0000000712b00000|  0%| F|  |TAMS 0x0000000712a00000, 0x0000000712a00000| Untracked 
| 237|0x0000000712b00000, 0x0000000712b00000, 0x0000000712c00000|  0%| F|  |TAMS 0x0000000712b00000, 0x0000000712b00000| Untracked 
| 238|0x0000000712c00000, 0x0000000712c00000, 0x0000000712d00000|  0%| F|  |TAMS 0x0000000712c00000, 0x0000000712c00000| Untracked 
| 239|0x0000000712d00000, 0x0000000712d00000, 0x0000000712e00000|  0%| F|  |TAMS 0x0000000712d00000, 0x0000000712d00000| Untracked 
| 240|0x0000000712e00000, 0x0000000712e00000, 0x0000000712f00000|  0%| F|  |TAMS 0x0000000712e00000, 0x0000000712e00000| Untracked 
| 241|0x0000000712f00000, 0x0000000712f00000, 0x0000000713000000|  0%| F|  |TAMS 0x0000000712f00000, 0x0000000712f00000| Untracked 
| 242|0x0000000713000000, 0x0000000713000000, 0x0000000713100000|  0%| F|  |TAMS 0x0000000713000000, 0x0000000713000000| Untracked 
| 243|0x0000000713100000, 0x0000000713100000, 0x0000000713200000|  0%| F|  |TAMS 0x0000000713100000, 0x0000000713100000| Untracked 
| 244|0x0000000713200000, 0x0000000713200000, 0x0000000713300000|  0%| F|  |TAMS 0x0000000713200000, 0x0000000713200000| Untracked 
| 245|0x0000000713300000, 0x0000000713300000, 0x0000000713400000|  0%| F|  |TAMS 0x0000000713300000, 0x0000000713300000| Untracked 
| 246|0x0000000713400000, 0x0000000713400000, 0x0000000713500000|  0%| F|  |TAMS 0x0000000713400000, 0x0000000713400000| Untracked 
| 247|0x0000000713500000, 0x0000000713500000, 0x0000000713600000|  0%| F|  |TAMS 0x0000000713500000, 0x0000000713500000| Untracked 
| 248|0x0000000713600000, 0x0000000713600000, 0x0000000713700000|  0%| F|  |TAMS 0x0000000713600000, 0x0000000713600000| Untracked 
| 249|0x0000000713700000, 0x0000000713700000, 0x0000000713800000|  0%| F|  |TAMS 0x0000000713700000, 0x0000000713700000| Untracked 
| 250|0x0000000713800000, 0x0000000713800000, 0x0000000713900000|  0%| F|  |TAMS 0x0000000713800000, 0x0000000713800000| Untracked 
| 251|0x0000000713900000, 0x0000000713900000, 0x0000000713a00000|  0%| F|  |TAMS 0x0000000713900000, 0x0000000713900000| Untracked 
| 252|0x0000000713a00000, 0x0000000713a00000, 0x0000000713b00000|  0%| F|  |TAMS 0x0000000713a00000, 0x0000000713a00000| Untracked 
| 253|0x0000000713b00000, 0x0000000713b00000, 0x0000000713c00000|  0%| F|  |TAMS 0x0000000713b00000, 0x0000000713b00000| Untracked 
| 254|0x0000000713c00000, 0x0000000713c00000, 0x0000000713d00000|  0%| F|  |TAMS 0x0000000713c00000, 0x0000000713c00000| Untracked 
| 255|0x0000000713d00000, 0x0000000713d00000, 0x0000000713e00000|  0%| F|  |TAMS 0x0000000713d00000, 0x0000000713d00000| Untracked 
| 256|0x0000000713e00000, 0x0000000713e00000, 0x0000000713f00000|  0%| F|  |TAMS 0x0000000713e00000, 0x0000000713e00000| Untracked 
| 257|0x0000000713f00000, 0x0000000713f00000, 0x0000000714000000|  0%| F|  |TAMS 0x0000000713f00000, 0x0000000713f00000| Untracked 
| 258|0x0000000714000000, 0x0000000714000000, 0x0000000714100000|  0%| F|  |TAMS 0x0000000714000000, 0x0000000714000000| Untracked 
| 259|0x0000000714100000, 0x0000000714100000, 0x0000000714200000|  0%| F|  |TAMS 0x0000000714100000, 0x0000000714100000| Untracked 
| 260|0x0000000714200000, 0x0000000714200000, 0x0000000714300000|  0%| F|  |TAMS 0x0000000714200000, 0x0000000714200000| Untracked 
| 261|0x0000000714300000, 0x0000000714300000, 0x0000000714400000|  0%| F|  |TAMS 0x0000000714300000, 0x0000000714300000| Untracked 
| 262|0x0000000714400000, 0x0000000714400000, 0x0000000714500000|  0%| F|  |TAMS 0x0000000714400000, 0x0000000714400000| Untracked 
| 263|0x0000000714500000, 0x0000000714500000, 0x0000000714600000|  0%| F|  |TAMS 0x0000000714500000, 0x0000000714500000| Untracked 
| 264|0x0000000714600000, 0x0000000714600000, 0x0000000714700000|  0%| F|  |TAMS 0x0000000714600000, 0x0000000714600000| Untracked 
| 265|0x0000000714700000, 0x0000000714700000, 0x0000000714800000|  0%| F|  |TAMS 0x0000000714700000, 0x0000000714700000| Untracked 
| 266|0x0000000714800000, 0x0000000714800000, 0x0000000714900000|  0%| F|  |TAMS 0x0000000714800000, 0x0000000714800000| Untracked 
| 267|0x0000000714900000, 0x0000000714900000, 0x0000000714a00000|  0%| F|  |TAMS 0x0000000714900000, 0x0000000714900000| Untracked 
| 268|0x0000000714a00000, 0x0000000714a00000, 0x0000000714b00000|  0%| F|  |TAMS 0x0000000714a00000, 0x0000000714a00000| Untracked 
| 269|0x0000000714b00000, 0x0000000714b00000, 0x0000000714c00000|  0%| F|  |TAMS 0x0000000714b00000, 0x0000000714b00000| Untracked 
| 270|0x0000000714c00000, 0x0000000714c00000, 0x0000000714d00000|  0%| F|  |TAMS 0x0000000714c00000, 0x0000000714c00000| Untracked 
| 271|0x0000000714d00000, 0x0000000714d00000, 0x0000000714e00000|  0%| F|  |TAMS 0x0000000714d00000, 0x0000000714d00000| Untracked 
| 272|0x0000000714e00000, 0x0000000714e00000, 0x0000000714f00000|  0%| F|  |TAMS 0x0000000714e00000, 0x0000000714e00000| Untracked 
| 273|0x0000000714f00000, 0x0000000714f00000, 0x0000000715000000|  0%| F|  |TAMS 0x0000000714f00000, 0x0000000714f00000| Untracked 
| 274|0x0000000715000000, 0x0000000715000000, 0x0000000715100000|  0%| F|  |TAMS 0x0000000715000000, 0x0000000715000000| Untracked 
| 275|0x0000000715100000, 0x0000000715100000, 0x0000000715200000|  0%| F|  |TAMS 0x0000000715100000, 0x0000000715100000| Untracked 
| 276|0x0000000715200000, 0x0000000715200000, 0x0000000715300000|  0%| F|  |TAMS 0x0000000715200000, 0x0000000715200000| Untracked 
| 277|0x0000000715300000, 0x0000000715300000, 0x0000000715400000|  0%| F|  |TAMS 0x0000000715300000, 0x0000000715300000| Untracked 
| 278|0x0000000715400000, 0x0000000715400000, 0x0000000715500000|  0%| F|  |TAMS 0x0000000715400000, 0x0000000715400000| Untracked 
| 279|0x0000000715500000, 0x0000000715500000, 0x0000000715600000|  0%| F|  |TAMS 0x0000000715500000, 0x0000000715500000| Untracked 
| 280|0x0000000715600000, 0x0000000715700000, 0x0000000715700000|100%| S|CS|TAMS 0x0000000715600000, 0x0000000715600000| Complete 
| 281|0x0000000715700000, 0x0000000715800000, 0x0000000715800000|100%| S|CS|TAMS 0x0000000715700000, 0x0000000715700000| Complete 
| 282|0x0000000715800000, 0x0000000715900000, 0x0000000715900000|100%| S|CS|TAMS 0x0000000715800000, 0x0000000715800000| Complete 
| 283|0x0000000715900000, 0x0000000715a00000, 0x0000000715a00000|100%| S|CS|TAMS 0x0000000715900000, 0x0000000715900000| Complete 
| 284|0x0000000715a00000, 0x0000000715a00000, 0x0000000715b00000|  0%| F|  |TAMS 0x0000000715a00000, 0x0000000715a00000| Untracked 
| 285|0x0000000715b00000, 0x0000000715b00000, 0x0000000715c00000|  0%| F|  |TAMS 0x0000000715b00000, 0x0000000715b00000| Untracked 
| 286|0x0000000715c00000, 0x0000000715c00000, 0x0000000715d00000|  0%| F|  |TAMS 0x0000000715c00000, 0x0000000715c00000| Untracked 
| 287|0x0000000715d00000, 0x0000000715d00000, 0x0000000715e00000|  0%| F|  |TAMS 0x0000000715d00000, 0x0000000715d00000| Untracked 
| 288|0x0000000715e00000, 0x0000000715e00000, 0x0000000715f00000|  0%| F|  |TAMS 0x0000000715e00000, 0x0000000715e00000| Untracked 
| 289|0x0000000715f00000, 0x0000000715f00000, 0x0000000716000000|  0%| F|  |TAMS 0x0000000715f00000, 0x0000000715f00000| Untracked 
| 290|0x0000000716000000, 0x0000000716000000, 0x0000000716100000|  0%| F|  |TAMS 0x0000000716000000, 0x0000000716000000| Untracked 
| 291|0x0000000716100000, 0x0000000716100000, 0x0000000716200000|  0%| F|  |TAMS 0x0000000716100000, 0x0000000716100000| Untracked 
| 292|0x0000000716200000, 0x0000000716200000, 0x0000000716300000|  0%| F|  |TAMS 0x0000000716200000, 0x0000000716200000| Untracked 
| 293|0x0000000716300000, 0x0000000716300000, 0x0000000716400000|  0%| F|  |TAMS 0x0000000716300000, 0x0000000716300000| Untracked 
| 294|0x0000000716400000, 0x0000000716400000, 0x0000000716500000|  0%| F|  |TAMS 0x0000000716400000, 0x0000000716400000| Untracked 
| 295|0x0000000716500000, 0x0000000716500000, 0x0000000716600000|  0%| F|  |TAMS 0x0000000716500000, 0x0000000716500000| Untracked 
| 296|0x0000000716600000, 0x0000000716600000, 0x0000000716700000|  0%| F|  |TAMS 0x0000000716600000, 0x0000000716600000| Untracked 
| 297|0x0000000716700000, 0x0000000716700000, 0x0000000716800000|  0%| F|  |TAMS 0x0000000716700000, 0x0000000716700000| Untracked 
| 298|0x0000000716800000, 0x0000000716800000, 0x0000000716900000|  0%| F|  |TAMS 0x0000000716800000, 0x0000000716800000| Untracked 
| 299|0x0000000716900000, 0x0000000716900000, 0x0000000716a00000|  0%| F|  |TAMS 0x0000000716900000, 0x0000000716900000| Untracked 
| 300|0x0000000716a00000, 0x0000000716a00000, 0x0000000716b00000|  0%| F|  |TAMS 0x0000000716a00000, 0x0000000716a00000| Untracked 
| 301|0x0000000716b00000, 0x0000000716b00000, 0x0000000716c00000|  0%| F|  |TAMS 0x0000000716b00000, 0x0000000716b00000| Untracked 
| 302|0x0000000716c00000, 0x0000000716c00000, 0x0000000716d00000|  0%| F|  |TAMS 0x0000000716c00000, 0x0000000716c00000| Untracked 
| 303|0x0000000716d00000, 0x0000000716d00000, 0x0000000716e00000|  0%| F|  |TAMS 0x0000000716d00000, 0x0000000716d00000| Untracked 
| 304|0x0000000716e00000, 0x0000000716e00000, 0x0000000716f00000|  0%| F|  |TAMS 0x0000000716e00000, 0x0000000716e00000| Untracked 

Card table byte_map: [0x00000147c1530000,0x00000147c1d20000] _byte_map_base: 0x00000147bdd11000

Marking Bits (Prev, Next): (CMBitMap*) 0x00000147ad5e3160, (CMBitMap*) 0x00000147ad5e3128
 Prev Bits: [0x00000147c6420000, 0x00000147ca328000)
 Next Bits: [0x00000147c2510000, 0x00000147c6418000)

Polling page: 0x00000147abd20000

Metaspace:

Usage:
  Non-class:     38.04 MB capacity,    37.73 MB (>99%) used,   246.88 KB ( <1%) free+waste,    63.19 KB ( <1%) overhead. 
      Class:      5.25 MB capacity,     5.05 MB ( 96%) used,   177.49 KB (  3%) free+waste,    28.06 KB ( <1%) overhead. 
       Both:     43.28 MB capacity,    42.78 MB ( 99%) used,   424.37 KB ( <1%) free+waste,    91.25 KB ( <1%) overhead. 

Virtual space:
  Non-class space:       40.00 MB reserved,      38.33 MB ( 96%) committed 
      Class space:        1.00 GB reserved,       5.25 MB ( <1%) committed 
             Both:        1.04 GB reserved,      43.58 MB (  4%) committed 

Chunk freelists:
   Non-Class:  108.00 KB
       Class:  2.00 KB
        Both:  110.00 KB

MaxMetaspaceSize: 17179869184.00 GB
CompressedClassSpaceSize: 1.00 GB
Initial GC threshold: 20.80 MB
Current GC threshold: 72.63 MB
CDS: off

CodeHeap 'non-profiled nmethods': size=120000Kb used=2113Kb max_used=2113Kb free=117886Kb
 bounds [0x00000147b8b70000, 0x00000147b8de0000, 0x00000147c00a0000]
CodeHeap 'profiled nmethods': size=120000Kb used=6652Kb max_used=6652Kb free=113347Kb
 bounds [0x00000147b1640000, 0x00000147b1cc0000, 0x00000147b8b70000]
CodeHeap 'non-nmethods': size=5760Kb used=1260Kb max_used=1324Kb free=4499Kb
 bounds [0x00000147b10a0000, 0x00000147b1310000, 0x00000147b1640000]
 total_blobs=3920 nmethods=3381 adapters=450
 compilation: enabled
              stopped_count=0, restarted_count=0
 full_count=0

Compilation events (20 events):
Event: 6.523 Thread 0x00000147cdb71000 3377       4       org.jetbrains.kotlin.com.intellij.lang.impl.PsiBuilderImpl::createComposite (112 bytes)
Event: 6.529 Thread 0x00000147cdb71000 nmethod 3377 0x00000147b8d73210 code [0x00000147b8d733e0, 0x00000147b8d73858]
Event: 6.529 Thread 0x00000147cdb71000 3378       4       org.jetbrains.kotlin.com.intellij.lang.ASTFactory::composite (72 bytes)
Event: 6.535 Thread 0x00000147cdb71000 nmethod 3378 0x00000147b8d73c10 code [0x00000147b8d73de0, 0x00000147b8d741f8]
Event: 6.535 Thread 0x00000147cdb71000 3379       4       org.jetbrains.kotlin.com.intellij.lang.DefaultASTFactoryImpl::createComposite (34 bytes)
Event: 6.538 Thread 0x00000147cdb71000 nmethod 3379 0x00000147b8d74490 code [0x00000147b8d74640, 0x00000147b8d74938]
Event: 6.538 Thread 0x00000147cdb71000 3381       4       org.jetbrains.kotlin.parsing.KotlinParserDefinition::getCommentTokens (12 bytes)
Event: 6.539 Thread 0x00000147cdb71000 nmethod 3381 0x00000147b8d74a10 code [0x00000147b8d74ba0, 0x00000147b8d74c18]
Event: 6.539 Thread 0x00000147cdb71000 3380       4       org.jetbrains.kotlin.com.intellij.lang.ASTFactory::leaf (100 bytes)
Event: 6.552 Thread 0x00000147cdb71000 nmethod 3380 0x00000147b8d74d10 code [0x00000147b8d74f00, 0x00000147b8d756b8]
Event: 6.552 Thread 0x00000147cdb71000 3382       4       org.jetbrains.kotlin.com.intellij.lang.DefaultASTFactoryImpl::createLeaf (77 bytes)
Event: 6.557 Thread 0x00000147cf8c1000 nmethod 3368 0x00000147b8d75d90 code [0x00000147b8d760c0, 0x00000147b8d78b70]
Event: 6.558 Thread 0x00000147cf8c1000 3371   !   4       org.jetbrains.kotlin.com.intellij.psi.impl.source.CharTableImpl::doIntern (85 bytes)
Event: 6.562 Thread 0x00000147cd9af000 nmethod 3370 0x00000147b8d7a590 code [0x00000147b8d7a820, 0x00000147b8d7bf08]
Event: 6.562 Thread 0x00000147cd9af000 3372       4       org.jetbrains.kotlin.com.intellij.psi.impl.source.CharTableImpl$StringHashToCharSequencesMap::getSubSequenceWithHashCode (134 bytes)
Event: 6.563 Thread 0x00000147cdb71000 nmethod 3382 0x00000147b8d7cf10 code [0x00000147b8d7d100, 0x00000147b8d7d718]
Event: 6.564 Thread 0x00000147cdb71000 3361       4       org.jetbrains.kotlin.com.intellij.psi.PsiInvalidElementAccessException::setInvalidationTrace (20 bytes)
Event: 6.565 Thread 0x00000147cdb71000 nmethod 3361 0x00000147b8d7db90 code [0x00000147b8d7dd20, 0x00000147b8d7ddb8]
Event: 6.568 Thread 0x00000147cd9af000 nmethod 3372 0x00000147b8d7de90 code [0x00000147b8d7e060, 0x00000147b8d7e508]
Event: 6.581 Thread 0x00000147cf8c1000 nmethod 3371 0x00000147b8d7ea90 code [0x00000147b8d7ecc0, 0x00000147b8d7fa88]

GC Heap History (20 events):
Event: 1.017 GC heap after
{Heap after GC invocations=1 (full 0):
 garbage-first heap   total 260096K, used 5797K [0x0000000703e00000, 0x0000000800000000)
  region size 1024K, 3 young (3072K), 3 survivors (3072K)
 Metaspace       used 12339K, capacity 12504K, committed 12800K, reserved 1060864K
  class space    used 1150K, capacity 1207K, committed 1280K, reserved 1048576K
}
Event: 1.831 GC heap before
{Heap before GC invocations=1 (full 0):
 garbage-first heap   total 260096K, used 41637K [0x0000000703e00000, 0x0000000800000000)
  region size 1024K, 39 young (39936K), 3 survivors (3072K)
 Metaspace       used 20859K, capacity 21144K, committed 21296K, reserved 1069056K
  class space    used 2246K, capacity 2348K, committed 2432K, reserved 1048576K
}
Event: 1.845 GC heap after
{Heap after GC invocations=2 (full 0):
 garbage-first heap   total 260096K, used 9271K [0x0000000703e00000, 0x0000000800000000)
  region size 1024K, 7 young (7168K), 7 survivors (7168K)
 Metaspace       used 20859K, capacity 21144K, committed 21296K, reserved 1069056K
  class space    used 2246K, capacity 2348K, committed 2432K, reserved 1048576K
}
Event: 3.048 GC heap before
{Heap before GC invocations=3 (full 0):
 garbage-first heap   total 260096K, used 67639K [0x0000000703e00000, 0x0000000800000000)
  region size 1024K, 57 young (58368K), 7 survivors (7168K)
 Metaspace       used 30989K, capacity 31477K, committed 31792K, reserved 1077248K
  class space    used 3690K, capacity 3875K, committed 3968K, reserved 1048576K
}
Event: 3.060 GC heap after
{Heap after GC invocations=4 (full 0):
 garbage-first heap   total 260096K, used 21939K [0x0000000703e00000, 0x0000000800000000)
  region size 1024K, 8 young (8192K), 8 survivors (8192K)
 Metaspace       used 30989K, capacity 31477K, committed 31792K, reserved 1077248K
  class space    used 3690K, capacity 3875K, committed 3968K, reserved 1048576K
}
Event: 3.451 GC heap before
{Heap before GC invocations=4 (full 0):
 garbage-first heap   total 260096K, used 130483K [0x0000000703e00000, 0x0000000800000000)
  region size 1024K, 15 young (15360K), 8 survivors (8192K)
 Metaspace       used 31566K, capacity 32099K, committed 32304K, reserved 1077248K
  class space    used 3733K, capacity 3909K, committed 3968K, reserved 1048576K
}
Event: 3.460 GC heap after
{Heap after GC invocations=5 (full 0):
 garbage-first heap   total 260096K, used 47104K [0x0000000703e00000, 0x0000000800000000)
  region size 1024K, 2 young (2048K), 2 survivors (2048K)
 Metaspace       used 31566K, capacity 32099K, committed 32304K, reserved 1077248K
  class space    used 3733K, capacity 3909K, committed 3968K, reserved 1048576K
}
Event: 3.794 GC heap before
{Heap before GC invocations=5 (full 0):
 garbage-first heap   total 260096K, used 61440K [0x0000000703e00000, 0x0000000800000000)
  region size 1024K, 17 young (17408K), 2 survivors (2048K)
 Metaspace       used 35212K, capacity 35689K, committed 35920K, reserved 1081344K
  class space    used 4346K, capacity 4551K, committed 4608K, reserved 1048576K
}
Event: 3.800 GC heap after
{Heap after GC invocations=6 (full 0):
 garbage-first heap   total 260096K, used 47863K [0x0000000703e00000, 0x0000000800000000)
  region size 1024K, 3 young (3072K), 3 survivors (3072K)
 Metaspace       used 35212K, capacity 35689K, committed 35920K, reserved 1081344K
  class space    used 4346K, capacity 4551K, committed 4608K, reserved 1048576K
}
Event: 4.679 GC heap before
{Heap before GC invocations=7 (full 0):
 garbage-first heap   total 260096K, used 102135K [0x0000000703e00000, 0x0000000800000000)
  region size 1024K, 54 young (55296K), 3 survivors (3072K)
 Metaspace       used 41577K, capacity 42104K, committed 42448K, reserved 1087488K
  class space    used 4951K, capacity 5172K, committed 5248K, reserved 1048576K
}
Event: 4.688 GC heap after
{Heap after GC invocations=8 (full 0):
 garbage-first heap   total 260096K, used 55715K [0x0000000703e00000, 0x0000000800000000)
  region size 1024K, 7 young (7168K), 7 survivors (7168K)
 Metaspace       used 41577K, capacity 42104K, committed 42448K, reserved 1087488K
  class space    used 4951K, capacity 5172K, committed 5248K, reserved 1048576K
}
Event: 5.595 GC heap before
{Heap before GC invocations=8 (full 0):
 garbage-first heap   total 260096K, used 166307K [0x0000000703e00000, 0x0000000800000000)
  region size 1024K, 57 young (58368K), 7 survivors (7168K)
 Metaspace       used 43801K, capacity 44322K, committed 44624K, reserved 1089536K
  class space    used 5168K, capacity 5374K, committed 5376K, reserved 1048576K
}
Event: 5.663 GC heap after
{Heap after GC invocations=9 (full 0):
 garbage-first heap   total 312320K, used 139735K [0x0000000703e00000, 0x0000000800000000)
  region size 1024K, 8 young (8192K), 8 survivors (8192K)
 Metaspace       used 43801K, capacity 44322K, committed 44624K, reserved 1089536K
  class space    used 5168K, capacity 5374K, committed 5376K, reserved 1048576K
}
Event: 5.685 GC heap before
{Heap before GC invocations=9 (full 0):
 garbage-first heap   total 312320K, used 143831K [0x0000000703e00000, 0x0000000800000000)
  region size 1024K, 13 young (13312K), 8 survivors (8192K)
 Metaspace       used 43801K, capacity 44322K, committed 44624K, reserved 1089536K
  class space    used 5168K, capacity 5374K, committed 5376K, reserved 1048576K
}
Event: 5.706 GC heap after
{Heap after GC invocations=10 (full 0):
 garbage-first heap   total 312320K, used 147296K [0x0000000703e00000, 0x0000000800000000)
  region size 1024K, 5 young (5120K), 5 survivors (5120K)
 Metaspace       used 43801K, capacity 44322K, committed 44624K, reserved 1089536K
  class space    used 5168K, capacity 5374K, committed 5376K, reserved 1048576K
}
Event: 6.112 GC heap before
{Heap before GC invocations=11 (full 0):
 garbage-first heap   total 312320K, used 157536K [0x0000000703e00000, 0x0000000800000000)
  region size 1024K, 15 young (15360K), 5 survivors (5120K)
 Metaspace       used 43806K, capacity 44322K, committed 44624K, reserved 1089536K
  class space    used 5168K, capacity 5374K, committed 5376K, reserved 1048576K
}
Event: 6.136 GC heap after
{Heap after GC invocations=12 (full 0):
 garbage-first heap   total 312320K, used 148870K [0x0000000703e00000, 0x0000000800000000)
  region size 1024K, 2 young (2048K), 2 survivors (2048K)
 Metaspace       used 43806K, capacity 44322K, committed 44624K, reserved 1089536K
  class space    used 5168K, capacity 5374K, committed 5376K, reserved 1048576K
}
Event: 6.401 GC heap before
{Heap before GC invocations=12 (full 0):
 garbage-first heap   total 312320K, used 178566K [0x0000000703e00000, 0x0000000800000000)
  region size 1024K, 31 young (31744K), 2 survivors (2048K)
 Metaspace       used 43806K, capacity 44322K, committed 44624K, reserved 1089536K
  class space    used 5168K, capacity 5374K, committed 5376K, reserved 1048576K
}
Event: 6.471 GC heap after
{Heap after GC invocations=13 (full 0):
 garbage-first heap   total 312320K, used 175793K [0x0000000703e00000, 0x0000000800000000)
  region size 1024K, 4 young (4096K), 4 survivors (4096K)
 Metaspace       used 43806K, capacity 44322K, committed 44624K, reserved 1089536K
  class space    used 5168K, capacity 5374K, committed 5376K, reserved 1048576K
}
Event: 6.594 GC heap before
{Heap before GC invocations=13 (full 0):
 garbage-first heap   total 312320K, used 197297K [0x0000000703e00000, 0x0000000800000000)
  region size 1024K, 25 young (25600K), 4 survivors (4096K)
 Metaspace       used 43806K, capacity 44322K, committed 44624K, reserved 1089536K
  class space    used 5168K, capacity 5374K, committed 5376K, reserved 1048576K
}

Deoptimization events (20 events):
Event: 5.678 Thread 0x00000147ad57d800 DEOPT PACKING pc=0x00000147b1ca7f09 sp=0x0000001c892fba60
Event: 5.678 Thread 0x00000147ad57d800 DEOPT UNPACKING pc=0x00000147b10ea95e sp=0x0000001c892fafc0 mode 0
Event: 5.725 Thread 0x00000147ad57d800 Uncommon trap: trap_request=0xffffff4d fr.pc=0x00000147b8d28df4 relative=0x00000000000013b4
Event: 5.725 Thread 0x00000147ad57d800 Uncommon trap: reason=unstable_if action=reinterpret pc=0x00000147b8d28df4 method=org.jetbrains.kotlin.parsing.KotlinExpressionParsing.parseStringTemplate()V @ 47 c2
Event: 5.725 Thread 0x00000147ad57d800 DEOPT PACKING pc=0x00000147b8d28df4 sp=0x0000001c892fbac0
Event: 5.725 Thread 0x00000147ad57d800 DEOPT UNPACKING pc=0x00000147b10ea1af sp=0x0000001c892fbac8 mode 2
Event: 5.813 Thread 0x00000147ad57d800 DEOPT PACKING pc=0x00000147b1cab157 sp=0x0000001c892fd020
Event: 5.813 Thread 0x00000147ad57d800 DEOPT UNPACKING pc=0x00000147b10ea95e sp=0x0000001c892fc558 mode 0
Event: 5.897 Thread 0x00000147ad57d800 Uncommon trap: trap_request=0xffffff4d fr.pc=0x00000147b8d357e8 relative=0x0000000000000f08
Event: 5.897 Thread 0x00000147ad57d800 Uncommon trap: reason=unstable_if action=reinterpret pc=0x00000147b8d357e8 method=org.jetbrains.kotlin.com.intellij.lang.impl.PsiBuilderImpl.balanceWhiteSpaces()V @ 304 c2
Event: 5.897 Thread 0x00000147ad57d800 DEOPT PACKING pc=0x00000147b8d357e8 sp=0x0000001c892fd0c0
Event: 5.897 Thread 0x00000147ad57d800 DEOPT UNPACKING pc=0x00000147b10ea1af sp=0x0000001c892fd058 mode 2
Event: 5.947 Thread 0x00000147ad57d800 DEOPT PACKING pc=0x00000147b1cb5af6 sp=0x0000001c892fd010
Event: 5.947 Thread 0x00000147ad57d800 DEOPT UNPACKING pc=0x00000147b10ea95e sp=0x0000001c892fc648 mode 0
Event: 6.005 Thread 0x00000147ad57d800 Uncommon trap: trap_request=0xffffff4d fr.pc=0x00000147b8d3acac relative=0x0000000000000f0c
Event: 6.006 Thread 0x00000147ad57d800 Uncommon trap: reason=unstable_if action=reinterpret pc=0x00000147b8d3acac method=org.jetbrains.kotlin.com.intellij.lang.impl.PsiBuilderImpl.prepareLightTree()Lorg/jetbrains/kotlin/com/intellij/lang/impl/PsiBuilderImpl$StartMarker; @ 160 c2
Event: 6.006 Thread 0x00000147ad57d800 DEOPT PACKING pc=0x00000147b8d3acac sp=0x0000001c892fd180
Event: 6.006 Thread 0x00000147ad57d800 DEOPT UNPACKING pc=0x00000147b10ea1af sp=0x0000001c892fd148 mode 2
Event: 6.383 Thread 0x00000147ad57d800 DEOPT PACKING pc=0x00000147b1cbae5c sp=0x0000001c892fd140
Event: 6.383 Thread 0x00000147ad57d800 DEOPT UNPACKING pc=0x00000147b10ea95e sp=0x0000001c892fc668 mode 0

Classes redefined (0 events):
No events

Internal exceptions (20 events):
Event: 1.958 Thread 0x00000147ad57d800 Exception <a 'java/lang/NoSuchMethodError'{0x0000000713514340}: 'int java.lang.invoke.DirectMethodHandle$Holder.invokeStaticInit(java.lang.Object, java.lang.Object)'> (0x0000000713514340) thrown at [./src/hotspot/share/interpreter/linkResolver.cpp, line 773]
Event: 2.018 Thread 0x00000147ad57d800 Exception <a 'java/lang/NoSuchMethodError'{0x0000000713322b00}: 'void java.lang.invoke.DirectMethodHandle$Holder.invokeSpecial(java.lang.Object, java.lang.Object)'> (0x0000000713322b00) thrown at [./src/hotspot/share/interpreter/linkResolver.cpp, line 773]
Event: 2.229 Thread 0x00000147ad57d800 Exception <a 'java/lang/NoSuchMethodError'{0x0000000712b52540}: 'java.lang.Object java.lang.invoke.DirectMethodHandle$Holder.invokeStatic(java.lang.Object, java.lang.Object, java.lang.Object, java.lang.Object, java.lang.Object, java.lang.Object, java.lang.Object, java.lang.Object, java.lang.Object, java.lang.Object, java.lang.Object, java.lang.Object, java.lang.Object, java.lang.Object, java.lang.Object)'> (0x0000000712b52540) thrown at [./src/hotspot/share/interpreter/linkResolver.cpp, line 773]
Event: 2.231 Thread 0x00000147ad57d800 Exception <a 'java/lang/NoSuchMethodError'{0x0000000712b60548}: 'java.lang.Object java.lang.invoke.DirectMethodHandle$Holder.invokeStatic(java.lang.Object, java.lang.Object, java.lang.Object, java.lang.Object, java.lang.Object, java.lang.Object, java.lang.Object, java.lang.Object, java.lang.Object, java.lang.Object, java.lang.Object, java.lang.Object, java.lang.Object, java.lang.Object, java.lang.Object, java.lang.Object)'> (0x0000000712b60548) thrown at [./src/hotspot/share/interpreter/linkResolver.cpp, l
Event: 2.233 Thread 0x00000147ad57d800 Exception <a 'java/lang/NoSuchMethodError'{0x0000000712b6e460}: 'java.lang.Object java.lang.invoke.DirectMethodHandle$Holder.invokeSpecial(java.lang.Object, java.lang.Object, int, int, java.lang.Object, java.lang.Object, java.lang.Object)'> (0x0000000712b6e460) thrown at [./src/hotspot/share/interpreter/linkResolver.cpp, line 773]
Event: 2.233 Thread 0x00000147ad57d800 Exception <a 'java/lang/NoSuchMethodError'{0x0000000712b71c98}: 'java.lang.Object java.lang.invoke.DelegatingMethodHandle$Holder.reinvoke_L(java.lang.Object, int, int, java.lang.Object, java.lang.Object, java.lang.Object)'> (0x0000000712b71c98) thrown at [./src/hotspot/share/interpreter/linkResolver.cpp, line 773]
Event: 2.234 Thread 0x00000147ad57d800 Exception <a 'java/lang/NoSuchMethodError'{0x0000000712b76020}: 'java.lang.Object java.lang.invoke.DirectMethodHandle$Holder.invokeStatic(java.lang.Object, java.lang.Object, java.lang.Object, java.lang.Object, int)'> (0x0000000712b76020) thrown at [./src/hotspot/share/interpreter/linkResolver.cpp, line 773]
Event: 2.309 Thread 0x00000147ad57d800 Exception <a 'sun/nio/fs/WindowsException'{0x0000000712ab6b00}> (0x0000000712ab6b00) thrown at [./src/hotspot/share/prims/jni.cpp, line 616]
Event: 2.310 Thread 0x00000147ad57d800 Exception <a 'sun/nio/fs/WindowsException'{0x0000000712ab7370}> (0x0000000712ab7370) thrown at [./src/hotspot/share/prims/jni.cpp, line 616]
Event: 2.310 Thread 0x00000147ad57d800 Exception <a 'sun/nio/fs/WindowsException'{0x0000000712ab7bf8}> (0x0000000712ab7bf8) thrown at [./src/hotspot/share/prims/jni.cpp, line 616]
Event: 2.310 Thread 0x00000147ad57d800 Exception <a 'sun/nio/fs/WindowsException'{0x0000000712ab85d0}> (0x0000000712ab85d0) thrown at [./src/hotspot/share/prims/jni.cpp, line 616]
Event: 2.310 Thread 0x00000147ad57d800 Exception <a 'sun/nio/fs/WindowsException'{0x0000000712ab8eb8}> (0x0000000712ab8eb8) thrown at [./src/hotspot/share/prims/jni.cpp, line 616]
Event: 2.311 Thread 0x00000147ad57d800 Exception <a 'sun/nio/fs/WindowsException'{0x0000000712ab97d0}> (0x0000000712ab97d0) thrown at [./src/hotspot/share/prims/jni.cpp, line 616]
Event: 2.315 Thread 0x00000147ad57d800 Exception <a 'java/lang/NoSuchMethodError'{0x0000000712abff10}: 'void java.lang.invoke.DirectMethodHandle$Holder.invokeStatic(java.lang.Object, java.lang.Object, java.lang.Object, java.lang.Object)'> (0x0000000712abff10) thrown at [./src/hotspot/share/interpreter/linkResolver.cpp, line 773]
Event: 2.488 Thread 0x00000147ad57d800 Exception <a 'java/lang/NoSuchMethodError'{0x000000071269cc80}: 'void java.lang.invoke.DirectMethodHandle$Holder.invokeStaticInit(java.lang.Object, java.lang.Object)'> (0x000000071269cc80) thrown at [./src/hotspot/share/interpreter/linkResolver.cpp, line 773]
Event: 2.641 Thread 0x00000147ad57d800 Exception <a 'java/lang/NoSuchMethodError'{0x0000000712136000}: 'void java.lang.invoke.DirectMethodHandle$Holder.invokeVirtual(java.lang.Object, java.lang.Object)'> (0x0000000712136000) thrown at [./src/hotspot/share/interpreter/linkResolver.cpp, line 773]
Event: 2.651 Thread 0x00000147ad57d800 Exception <a 'java/lang/NoSuchMethodError'{0x00000007121ab0f0}: 'int java.lang.invoke.DirectMethodHandle$Holder.invokeVirtual(java.lang.Object, java.lang.Object)'> (0x00000007121ab0f0) thrown at [./src/hotspot/share/interpreter/linkResolver.cpp, line 773]
Event: 3.829 Thread 0x00000147ad57d800 Exception <a 'java/lang/NoSuchMethodError'{0x0000000713a2ef80}: 'java.lang.Object java.lang.invoke.DirectMethodHandle$Holder.invokeVirtual(java.lang.Object, java.lang.Object, java.lang.Object)'> (0x0000000713a2ef80) thrown at [./src/hotspot/share/interpreter/linkResolver.cpp, line 773]
Event: 4.815 Thread 0x00000147ad57d800 Exception <a 'java/lang/NoSuchMethodError'{0x000000071369a360}: 'java.lang.Object java.lang.invoke.Invokers$Holder.linkToTargetMethod(java.lang.Object, int, java.lang.Object)'> (0x000000071369a360) thrown at [./src/hotspot/share/interpreter/linkResolver.cpp, line 773]
Event: 4.919 Thread 0x00000147ad57d800 Implicit null exception at 0x00000147b8ce334c to 0x00000147b8ce3434

Events (20 events):
Event: 4.913 loading class org/jetbrains/kotlin/parsing/KotlinParsing$ParseEnumEntryResult done
Event: 4.915 loading class org/jetbrains/kotlin/parsing/TruncatedSemanticWhitespaceAwarePsiBuilder
Event: 4.915 loading class org/jetbrains/kotlin/parsing/TruncatedSemanticWhitespaceAwarePsiBuilder done
Event: 4.916 loading class org/jetbrains/kotlin/parsing/SemanticWhitespaceAwarePsiBuilderAdapter
Event: 4.916 loading class org/jetbrains/kotlin/parsing/SemanticWhitespaceAwarePsiBuilderAdapter done
Event: 4.917 Executing VM operation: Deoptimize
Event: 4.917 Executing VM operation: Deoptimize done
Event: 5.594 Executing VM operation: G1CollectForAllocation
Event: 5.663 Executing VM operation: G1CollectForAllocation done
Event: 5.685 Executing VM operation: G1CollectForAllocation
Event: 5.706 Executing VM operation: G1CollectForAllocation done
Event: 5.768 Executing VM operation: CGC_Operation
Event: 5.772 Executing VM operation: CGC_Operation done
Event: 5.811 Executing VM operation: CGC_Operation
Event: 5.811 Executing VM operation: CGC_Operation done
Event: 6.112 Executing VM operation: G1CollectForAllocation
Event: 6.136 Executing VM operation: G1CollectForAllocation done
Event: 6.401 Executing VM operation: G1CollectForAllocation
Event: 6.471 Executing VM operation: G1CollectForAllocation done
Event: 6.594 Executing VM operation: G1CollectForAllocation


Dynamic libraries:
0x00007ff794940000 - 0x00007ff79494a000 	C:\Program Files\Android\Android Studio\jre\bin\java.exe
0x00007ff8c6fd0000 - 0x00007ff8c71c8000 	C:\Windows\SYSTEM32\ntdll.dll
0x00007ff8c5d20000 - 0x00007ff8c5ddf000 	C:\Windows\System32\KERNEL32.DLL
0x00007ff8c4d10000 - 0x00007ff8c4fe2000 	C:\Windows\System32\KERNELBASE.dll
0x00007ff8c46d0000 - 0x00007ff8c47d0000 	C:\Windows\System32\ucrtbase.dll
0x00007ff8a9ac0000 - 0x00007ff8a9ad9000 	C:\Program Files\Android\Android Studio\jre\bin\jli.dll
0x00007ff8a9d00000 - 0x00007ff8a9d17000 	C:\Program Files\Android\Android Studio\jre\bin\VCRUNTIME140.dll
0x00007ff8c6af0000 - 0x00007ff8c6c8d000 	C:\Windows\System32\USER32.dll
0x00007ff8a3960000 - 0x00007ff8a3bfa000 	C:\Windows\WinSxS\amd64_microsoft.windows.common-controls_6595b64144ccf1df_6.0.19041.1110_none_60b5254171f9507e\COMCTL32.dll
0x00007ff8c48c0000 - 0x00007ff8c48e2000 	C:\Windows\System32\win32u.dll
0x00007ff8c60f0000 - 0x00007ff8c611b000 	C:\Windows\System32\GDI32.dll
0x00007ff8c5de0000 - 0x00007ff8c5e7e000 	C:\Windows\System32\msvcrt.dll
0x00007ff8c4960000 - 0x00007ff8c4a6f000 	C:\Windows\System32\gdi32full.dll
0x00007ff8c4820000 - 0x00007ff8c48bd000 	C:\Windows\System32\msvcp_win.dll
0x00007ff8c6a30000 - 0x00007ff8c6a62000 	C:\Windows\System32\IMM32.DLL
0x00007ff874cb0000 - 0x00007ff874d4d000 	C:\Program Files\Android\Android Studio\jre\bin\msvcp140.dll
0x00007ff87de80000 - 0x00007ff87e982000 	C:\Program Files\Android\Android Studio\jre\bin\server\jvm.dll
0x00007ff8c5560000 - 0x00007ff8c560e000 	C:\Windows\System32\ADVAPI32.dll
0x00007ff8c6120000 - 0x00007ff8c61bc000 	C:\Windows\System32\sechost.dll
0x00007ff8c6c90000 - 0x00007ff8c6db5000 	C:\Windows\System32\RPCRT4.dll
0x00007ff8c61c0000 - 0x00007ff8c61c8000 	C:\Windows\System32\PSAPI.DLL
0x00007ff8b8840000 - 0x00007ff8b8849000 	C:\Windows\SYSTEM32\WSOCK32.dll
0x00007ff8ab640000 - 0x00007ff8ab667000 	C:\Windows\SYSTEM32\WINMM.dll
0x00007ff8bb5e0000 - 0x00007ff8bb5ea000 	C:\Windows\SYSTEM32\VERSION.dll
0x00007ff8c5fb0000 - 0x00007ff8c601b000 	C:\Windows\System32\WS2_32.dll
0x00007ff8c2ee0000 - 0x00007ff8c2ef2000 	C:\Windows\SYSTEM32\kernel.appcore.dll
0x00007ff8bf0b0000 - 0x00007ff8bf0c1000 	C:\Program Files\Android\Android Studio\jre\bin\verify.dll
0x00007ff8c2530000 - 0x00007ff8c2714000 	C:\Windows\SYSTEM32\DBGHELP.DLL
0x00007ff8bae20000 - 0x00007ff8bae4c000 	C:\Windows\SYSTEM32\dbgcore.DLL
0x00007ff8c4a70000 - 0x00007ff8c4af2000 	C:\Windows\System32\bcryptPrimitives.dll
0x00007ff8bac30000 - 0x00007ff8bac59000 	C:\Program Files\Android\Android Studio\jre\bin\java.dll
0x00007ff8bf110000 - 0x00007ff8bf11b000 	C:\Program Files\Android\Android Studio\jre\bin\jimage.dll
0x00007ff8ba620000 - 0x00007ff8ba638000 	C:\Program Files\Android\Android Studio\jre\bin\zip.dll
0x00007ff8c62e0000 - 0x00007ff8c6a23000 	C:\Windows\System32\SHELL32.dll
0x00007ff8c2730000 - 0x00007ff8c2ec2000 	C:\Windows\SYSTEM32\windows.storage.dll
0x00007ff8c5050000 - 0x00007ff8c53a4000 	C:\Windows\System32\combase.dll
0x00007ff8c4050000 - 0x00007ff8c4080000 	C:\Windows\SYSTEM32\Wldp.dll
0x00007ff8c6ee0000 - 0x00007ff8c6f8d000 	C:\Windows\System32\SHCORE.dll
0x00007ff8c5610000 - 0x00007ff8c5665000 	C:\Windows\System32\shlwapi.dll
0x00007ff8c4610000 - 0x00007ff8c462f000 	C:\Windows\SYSTEM32\profapi.dll
0x00007ff8adc80000 - 0x00007ff8adc9a000 	C:\Program Files\Android\Android Studio\jre\bin\net.dll
0x00007ff8be1f0000 - 0x00007ff8be2fc000 	C:\Windows\SYSTEM32\WINHTTP.dll
0x00007ff8c3e30000 - 0x00007ff8c3e9a000 	C:\Windows\system32\mswsock.dll
0x00007ff8adc60000 - 0x00007ff8adc74000 	C:\Program Files\Android\Android Studio\jre\bin\nio.dll

dbghelp: loaded successfully - version: 4.0.5 - missing functions: none
symbol engine: initialized successfully - sym options: 0x614 - pdb path: .;C:\Program Files\Android\Android Studio\jre\bin;C:\Windows\SYSTEM32;C:\Windows\WinSxS\amd64_microsoft.windows.common-controls_6595b64144ccf1df_6.0.19041.1110_none_60b5254171f9507e;C:\Program Files\Android\Android Studio\jre\bin\server

VM Arguments:
java_command: org.jetbrains.kotlin.cli.jvm.K2JVMCompiler @D:\dev\projects\kotlin\memring2\app\build\20221127_4554428432609459072.compiler.options
java_class_path (initial): C:\Users\me\.gradle\caches\modules-2\files-2.1\org.jetbrains.kotlin\kotlin-compiler-embeddable\1.6.10\88f2073f4020cdb83132cfe940ceb9a60aba54ea\kotlin-compiler-embeddable-1.6.10.jar;C:\Users\me\.gradle\caches\modules-2\files-2.1\org.jetbrains.kotlin\kotlin-reflect\1.6.10\1cbe9c92c12a94eea200d23c2bbaedaf3daf5132\kotlin-reflect-1.6.10.jar;C:\Users\me\.gradle\caches\modules-2\files-2.1\org.jetbrains.kotlin\kotlin-stdlib\1.6.10\b8af3fe6f1ca88526914929add63cf5e7c5049af\kotlin-stdlib-1.6.10.jar;C:\Users\me\.gradle\caches\modules-2\files-2.1\org.jetbrains.kotlin\kotlin-script-runtime\1.6.10\d0a7ff2e2500ef497ed0214ae40ad3c8387a6164\kotlin-script-runtime-1.6.10.jar;C:\Users\me\.gradle\caches\modules-2\files-2.1\org.jetbrains.kotlin\kotlin-daemon-embeddable\1.6.10\a56d79bcbea411fa6058e4ecffc2de73e742bd2a\kotlin-daemon-embeddable-1.6.10.jar;C:\Users\me\.gradle\caches\modules-2\files-2.1\org.jetbrains.intellij.deps\trove4j\1.0.20181211\216c2e14b070f334479d800987affe4054cd563f\trove4j-1.0.20181211.jar;C:\Users\me\.gradle\caches\modules-2\files-2.1\net.java.dev.jna\jna\5.6.0\330f2244e9030119ab3030fc3fededc86713d9cc\jna-5.6.0.jar;C:\Users\me\.gradle\caches\modules-2\files-2.1\org.jetbrains\annotations\13.0\919f0dfe192fb4e063e7dacadee7f8bb9a2672a9\annotations-13.0.jar;C:\Users\me\.gradle\caches\modules-2\files-2.1\org.jetbrains.kotlin\kotlin-stdlib-common\1.6.10\c118700e3a33c8a0d9adc920e9dec0831171925\kotlin-stdlib-common-1.6.10.jar
Launcher Type: SUN_STANDARD

[Global flags]
     intx CICompilerCount                          = 4                                         {product} {ergonomic}
     uint ConcGCThreads                            = 3                                         {product} {ergonomic}
     uint G1ConcRefinementThreads                  = 10                                        {product} {ergonomic}
   size_t G1HeapRegionSize                         = 1048576                                   {product} {ergonomic}
    uintx GCDrainStackTargetSize                   = 64                                        {product} {ergonomic}
   size_t InitialHeapSize                          = 266338304                                 {product} {ergonomic}
   size_t MarkStackSize                            = 4194304                                   {product} {ergonomic}
   size_t MaxHeapSize                              = 4229955584                                {product} {ergonomic}
   size_t MaxNewSize                               = 2537553920                                {product} {ergonomic}
   size_t MinHeapDeltaBytes                        = 1048576                                   {product} {ergonomic}
    uintx NonNMethodCodeHeapSize                   = 5836300                                {pd product} {ergonomic}
    uintx NonProfiledCodeHeapSize                  = 122910970                              {pd product} {ergonomic}
    uintx ProfiledCodeHeapSize                     = 122910970                              {pd product} {ergonomic}
    uintx ReservedCodeCacheSize                    = 251658240                              {pd product} {ergonomic}
     bool SegmentedCodeCache                       = true                                      {product} {ergonomic}
     bool UseCompressedClassPointers               = true                                 {lp64_product} {ergonomic}
     bool UseCompressedOops                        = true                                 {lp64_product} {ergonomic}
     bool UseG1GC                                  = true                                      {product} {ergonomic}
     bool UseLargePagesIndividualAllocation        = false                                  {pd product} {ergonomic}

Logging:
Log output configuration:
 #0: stdout all=warning uptime,level,tags
 #1: stderr all=off uptime,level,tags

Environment Variables:
PATH=C:\Python39\Scripts\;C:\Python39\;C:\Program Files (x86)\VMware\VMware Player\bin\;C:\Program Files (x86)\Common Files\Oracle\Java\javapath;C:\Windows\system32;C:\Windows;C:\Windows\System32\Wbem;C:\Windows\System32\WindowsPowerShell\v1.0\;C:\Windows\System32\OpenSSH\;C:\ProgramData\chocolatey\bin;C:\Program Files\dotnet\;C:\Go\bin;C:\ProgramData\chocolatey\lib\gsudo\bin\;C:\Program Files\nodejs\;C:\Program Files\Git\cmd;C:\Program Files\Microsoft SQL Server\150\Tools\Binn\;C:\Program Files\Microsoft SQL Server\Client SDK\ODBC\170\Tools\Binn\;%ANDROID_HOME%\emulator;%ANDROID_HOME%\platform-tools;%ANDROID_HOME%\tools;C:\Ruby27-x64\bin;C:\Users\me\scoop\shims;C:\Users\me\AppData\Local\Microsoft\WindowsApps;C:\Users\me\.dotnet\tools;C:\Users\me\go\bin;C:\Users\me\AppData\Local\Packages\PythonSoftwareFoundation.Python.3.9_qbz5n2kfra8p0\LocalCache\local-packages\Python39\Scripts;C:\Users\me\miniconda3\Scripts;%RTOOLS40_HOME%\usr\\bin;C:\Users\me\AppData\Local\Programs\Microsoft VS Code\bin;C:\Users\me\AppData\Local\Pandoc\;C:/Program Files/R/R-4.0.5\bin;C:\Users\me\AppData\Roaming\npm
USERNAME=me
OS=Windows_NT
PROCESSOR_IDENTIFIER=Intel64 Family 6 Model 165 Stepping 2, GenuineIntel



---------------  S Y S T E M  ---------------

OS: Windows 10 , 64 bit Build 19041 (10.0.19041.2251)
OS uptime: 0 days 7:09 hours
Hyper-V role detected

CPU:total 12 (initial active 12) (6 cores per cpu, 2 threads per core) family 6 model 165 stepping 2 microcode 0xf0, cmov, cx8, fxsr, mmx, sse, sse2, sse3, ssse3, sse4.1, sse4.2, popcnt, avx, avx2, aes, clmul, erms, 3dnowpref, lzcnt, ht, tsc, tscinvbit, bmi1, bmi2, adx, fma

Memory: 4k page, system-wide physical 16135M (497M free)
TotalPageFile size 35335M (AvailPageFile size 69M)
current process WorkingSet (physical memory assigned to process): 459M, peak: 459M
current process commit charge ("private bytes"): 516M, peak: 747M

vm_info: OpenJDK 64-Bit Server VM (11.0.13+0-b1751.21-8125866) for windows-amd64 JRE (11.0.13+0-b1751.21-8125866), built on Feb  2 2022 03:00:22 by "builder" with MS VC++ 14.0 (VS2015)

END.
